#
# A fatal error has been detected by the Java Runtime Environment:
#
#  EXCEPTION_ACCESS_VIOLATION (0xc0000005) at pc=0x70ebb599, pid=6708, tid=0x00001a6c
#
# JRE version: Java(TM) SE Runtime Environment (8.0_111-b14) (build 1.8.0_111-b14)
# Java VM: Java HotSpot(TM) Client VM (25.111-b14 mixed mode windows-x86 )
# Problematic frame:
# V  [jvm.dll+0xab599]
#
# Failed to write core dump. Minidumps are not enabled by default on client versions of Windows
#
# If you would like to submit a bug report, please visit:
#   http://bugreport.java.com/bugreport/crash.jsp
#

---------------  T H R E A D  ---------------

Current thread (0x67bae400):  JavaThread "pool-4-thread-3" [_thread_in_vm, id=6764, stack(0x69e10000,0x69e60000)]

siginfo: ExceptionCode=0xc0000005, reading address 0x0000000c

Registers:
EAX=0x00000000, EBX=0x67bae400, ECX=0x00000000, EDX=0x69f3caff
ESP=0x69e5d48c, EBP=0x69e5d48c, ESI=0x00000420, EDI=0x69e5d8a4
EIP=0x70ebb599, EFLAGS=0x00010202

Top of Stack: (sp=0x69e5d48c)
0x69e5d48c:   69e5d4c0 70e466bc 00000000 67bae400
0x69e5d49c:   69e5d8a4 00000000 69e5d4b4 684c3b28
0x69e5d4ac:   69e5d4cc 70fcd1da 69e5d4c4 67bae400
0x69e5d4bc:   68470b48 69e5d6a4 70e499c1 00000001
0x69e5d4cc:   00000000 68007740 69e5d61c 00000000
0x69e5d4dc:   025f08f0 6856abd0 67bae400 685bd850
0x69e5d4ec:   71fe014e 684a76a8 000001bc 0000003a
0x69e5d4fc:   684c7d18 00000064 00000000 00000000 

Instructions: (pc=0x70ebb599)
0x70ebb579:   cc cc cc cc cc cc cc 55 8b ec 8b 45 08 8b 4c 81
0x70ebb589:   2c 89 4d 08 8b 45 08 8a d0 f6 d2 f6 c2 01 74 07
0x70ebb599:   8b 40 0c 5d c2 04 00 83 e0 fe 5d c2 04 00 cc cc
0x70ebb5a9:   cc cc cc cc cc cc cc 55 8b ec 8b 45 0c 8b 4c 81 


Register to memory mapping:

EAX=0x00000000 is an unknown value
EBX=0x67bae400 is a thread
ECX=0x00000000 is an unknown value
EDX=0x69f3caff is pointing into metadata
ESP=0x69e5d48c is pointing into the stack for thread: 0x67bae400
EBP=0x69e5d48c is pointing into the stack for thread: 0x67bae400
ESI=0x00000420 is an unknown value
EDI=0x69e5d8a4 is pointing into the stack for thread: 0x67bae400


Stack: [0x69e10000,0x69e60000],  sp=0x69e5d48c,  free space=309k
Native frames: (J=compiled Java code, j=interpreted, Vv=VM code, C=native code)
V  [jvm.dll+0xab599]
V  [jvm.dll+0x366bc]
V  [jvm.dll+0x399c1]
V  [jvm.dll+0x3b526]
V  [jvm.dll+0x502ef]
V  [jvm.dll+0x509ca]
V  [jvm.dll+0x51c10]
V  [jvm.dll+0x4e67a]
V  [jvm.dll+0x39b37]
V  [jvm.dll+0x3b526]
V  [jvm.dll+0x502ef]
V  [jvm.dll+0x509ca]
V  [jvm.dll+0x51c10]
V  [jvm.dll+0x4e67a]
V  [jvm.dll+0x39b37]
V  [jvm.dll+0x3b526]
V  [jvm.dll+0x502ef]
V  [jvm.dll+0x509ca]
V  [jvm.dll+0x51c10]
V  [jvm.dll+0x51c5a]
V  [jvm.dll+0xac9d8]
V  [jvm.dll+0x80942]
V  [jvm.dll+0x80a1d]
j  javax.imageio.spi.IIORegistry.<clinit>()V+14
v  ~StubRoutines::call_stub
V  [jvm.dll+0x15a895]
V  [jvm.dll+0x220bfe]
V  [jvm.dll+0x15a92e]
V  [jvm.dll+0xbfecb]
V  [jvm.dll+0xc1097]
V  [jvm.dll+0xc11e8]
V  [jvm.dll+0x84d96]
V  [jvm.dll+0x85d92]
V  [jvm.dll+0x81347]
j  javax.imageio.ImageIO.<clinit>()V+0
v  ~StubRoutines::call_stub
V  [jvm.dll+0x15a895]
V  [jvm.dll+0x220bfe]
V  [jvm.dll+0x15a92e]
V  [jvm.dll+0xbfecb]
V  [jvm.dll+0xc1097]
V  [jvm.dll+0xc11e8]
V  [jvm.dll+0x84d96]
V  [jvm.dll+0x85d92]
V  [jvm.dll+0x81347]
j  com.android.builder.png.VectorDrawableRenderer.generateFile(Ljava/io/File;Ljava/io/File;)V+149
j  com.android.ide.common.res2.MergedResourceWriter.lambda$addItem$2(Lcom/android/ide/common/res2/ResourceItem;Lcom/android/ide/common/res2/DataFile$FileType;)Ljava/lang/Void;+33
j  com.android.ide.common.res2.MergedResourceWriter$$Lambda$164.call()Ljava/lang/Object;+12
j  java.util.concurrent.FutureTask.run()V+42
j  java.util.concurrent.Executors$RunnableAdapter.call()Ljava/lang/Object;+4
j  java.util.concurrent.FutureTask.run()V+42
j  java.util.concurrent.ThreadPoolExecutor.runWorker(Ljava/util/concurrent/ThreadPoolExecutor$Worker;)V+95
j  java.util.concurrent.ThreadPoolExecutor$Worker.run()V+5
j  java.lang.Thread.run()V+11
v  ~StubRoutines::call_stub
V  [jvm.dll+0x15a895]
V  [jvm.dll+0x220bfe]
V  [jvm.dll+0x15a92e]
V  [jvm.dll+0x15aab6]
V  [jvm.dll+0x15ab27]
V  [jvm.dll+0xfef8f]
V  [jvm.dll+0x17d6f0]
V  [jvm.dll+0x17df6a]
V  [jvm.dll+0x1c29c6]
C  [msvcr100.dll+0x5c556]
C  [msvcr100.dll+0x5c600]
C  [KERNEL32.DLL+0x1919f]
C  [ntdll.dll+0x4a8cb]
C  [ntdll.dll+0x4a8a1]
C  0x00000000

Java frames: (J=compiled Java code, j=interpreted, Vv=VM code)
j  javax.imageio.spi.IIORegistry.<clinit>()V+14
v  ~StubRoutines::call_stub
j  javax.imageio.ImageIO.<clinit>()V+0
v  ~StubRoutines::call_stub
j  com.android.builder.png.VectorDrawableRenderer.generateFile(Ljava/io/File;Ljava/io/File;)V+149
j  com.android.ide.common.res2.MergedResourceWriter.lambda$addItem$2(Lcom/android/ide/common/res2/ResourceItem;Lcom/android/ide/common/res2/DataFile$FileType;)Ljava/lang/Void;+33
j  com.android.ide.common.res2.MergedResourceWriter$$Lambda$164.call()Ljava/lang/Object;+12
j  java.util.concurrent.FutureTask.run()V+42
j  java.util.concurrent.Executors$RunnableAdapter.call()Ljava/lang/Object;+4
j  java.util.concurrent.FutureTask.run()V+42
j  java.util.concurrent.ThreadPoolExecutor.runWorker(Ljava/util/concurrent/ThreadPoolExecutor$Worker;)V+95
j  java.util.concurrent.ThreadPoolExecutor$Worker.run()V+5
j  java.lang.Thread.run()V+11
v  ~StubRoutines::call_stub

---------------  P R O C E S S  ---------------

Java Threads: ( => current thread )
  0x66366c00 JavaThread "Java2D Disposer" daemon [_thread_blocked, id=6952, stack(0x6a130000,0x6a180000)]
  0x67bad800 JavaThread "pool-4-thread-4" [_thread_blocked, id=4632, stack(0x69ea0000,0x69ef0000)]
=>0x67bae400 JavaThread "pool-4-thread-3" [_thread_in_vm, id=6764, stack(0x69e10000,0x69e60000)]
  0x67baf000 JavaThread "pool-4-thread-2" [_thread_blocked, id=6820, stack(0x69d80000,0x69dd0000)]
  0x67bae800 JavaThread "pool-4-thread-1" [_thread_blocked, id=7000, stack(0x69cf0000,0x69d40000)]
  0x67badc00 JavaThread "File lock request listener" [_thread_in_native, id=3824, stack(0x68d60000,0x68db0000)]
  0x66443000 JavaThread "Stdin handler" [_thread_blocked, id=2668, stack(0x67500000,0x67550000)]
  0x66442c00 JavaThread "Asynchronous log dispatcher for org.gradle.launcher.daemon.server.DefaultDaemonConnection@c883e2" [_thread_blocked, id=6836, stack(0x67470000,0x674c0000)]
  0x66442400 JavaThread "Daemon worker" [_thread_in_native, id=6296, stack(0x673e0000,0x67430000)]
  0x66416800 JavaThread "Cancel handler" [_thread_blocked, id=2940, stack(0x67350000,0x673a0000)]
  0x66407400 JavaThread "Handler for socket connection from /127.0.0.1:55886 to /127.0.0.1:55888" [_thread_in_native, id=4960, stack(0x672c0000,0x67310000)]
  0x66406c00 JavaThread "Daemon" [_thread_blocked, id=4160, stack(0x67230000,0x67280000)]
  0x66302c00 JavaThread "Incoming local TCP Connector on port 55886" [_thread_in_native, id=3416, stack(0x66ca0000,0x66cf0000)]
  0x6544fc00 JavaThread "pool-1-thread-1" [_thread_blocked, id=3260, stack(0x66a10000,0x66a60000)]
  0x653af800 JavaThread "Service Thread" daemon [_thread_blocked, id=5876, stack(0x658e0000,0x65930000)]
  0x653b8400 JavaThread "C1 CompilerThread0" daemon [_thread_blocked, id=5540, stack(0x65850000,0x658a0000)]
  0x653b7400 JavaThread "Attach Listener" daemon [_thread_blocked, id=5664, stack(0x657c0000,0x65810000)]
  0x653b5400 JavaThread "Signal Dispatcher" daemon [_thread_blocked, id=5580, stack(0x04970000,0x049c0000)]
  0x65399000 JavaThread "Finalizer" daemon [_thread_blocked, id=5856, stack(0x048e0000,0x04930000)]
  0x65383400 JavaThread "Reference Handler" daemon [_thread_blocked, id=6940, stack(0x02840000,0x02890000)]
  0x00d0b800 JavaThread "main" [_thread_blocked, id=2764, stack(0x00c90000,0x00ce0000)]

Other Threads:
  0x026ebc00 VMThread [stack: 0x027b0000,0x02800000] [id=1816]
  0x653b3c00 WatcherThread [stack: 0x65970000,0x659c0000] [id=2744]

VM state:not at safepoint (normal execution)

VM Mutex/Monitor currently owned by a thread: None

Heap:
 def new generation   total 18752K, used 12596K [0x04a00000, 0x05e50000, 0x24a00000)
  eden space 16704K,  63% used [0x04a00000, 0x0544d1f0, 0x05a50000)
  from space 2048K, 100% used [0x05c50000, 0x05e50000, 0x05e50000)
  to   space 2048K,   0% used [0x05a50000, 0x05a50000, 0x05c50000)
 tenured generation   total 41404K, used 25325K [0x24a00000, 0x2726f000, 0x64a00000)
   the space 41404K,  61% used [0x24a00000, 0x262bb480, 0x262bb600, 0x2726f000)
 Metaspace       used 30690K, capacity 31352K, committed 31488K, reserved 32128K

Card table byte_map: [0x64a00000,0x64d10000] byte_map_base: 0x649db000

Polling page: 0x00ce0000

CodeCache: size=32768Kb used=5834Kb max_used=6010Kb free=26933Kb
 bounds [0x028a0000, 0x02e88000, 0x048a0000]
 total_blobs=3456 nmethods=2983 adapters=402
 compilation: enabled

Compilation events (10 events):
Event: 31.868 Thread 0x653b8400 3156             sun.java2d.loops.GraphicsPrimitiveMgr$1::compare (39 bytes)
Event: 31.869 Thread 0x653b8400 nmethod 3156 0x02cfc988 code [0x02cfca90, 0x02cfcba0]
Event: 31.870 Thread 0x653b8400 3157             java.util.TimSort::gallopLeft (335 bytes)
Event: 31.871 Thread 0x653b8400 nmethod 3157 0x02e3a108 code [0x02e3a250, 0x02e3a580]
Event: 31.873 Thread 0x653b8400 3158             java.util.TimSort::gallopRight (335 bytes)
Event: 31.874 Thread 0x653b8400 nmethod 3158 0x02982d88 code [0x02982ed0, 0x02983220]
Event: 31.876 Thread 0x653b8400 3159             sun.java2d.loops.SurfaceType::getUniqueID (5 bytes)
Event: 31.876 Thread 0x653b8400 nmethod 3159 0x02986ec8 code [0x02986fc0, 0x02987040]
Event: 31.877 Thread 0x653b8400 3160             sun.java2d.loops.GraphicsPrimitiveMgr$2::compare (39 bytes)
Event: 31.878 Thread 0x653b8400 nmethod 3160 0x02e39e08 code [0x02e39f10, 0x02e3a010]

GC Heap History (10 events):
Event: 30.538 GC heap before
{Heap before GC invocations=84 (full 3):
 def new generation   total 12608K, used 12569K [0x04a00000, 0x057a0000, 0x24a00000)
  eden space 11264K, 100% used [0x04a00000, 0x05500000, 0x05500000)
  from space 1344K,  97% used [0x05500000, 0x05646770, 0x05650000)
  to   space 1344K,   0% used [0x05650000, 0x05650000, 0x057a0000)
 tenured generation   total 27756K, used 24925K [0x24a00000, 0x2651b000, 0x64a00000)
   the space 27756K,  89% used [0x24a00000, 0x262575f8, 0x26257600, 0x2651b000)
 Metaspace       used 29282K, capacity 29965K, committed 30080K, reserved 30080K
Event: 30.550 GC heap after
Heap after GC invocations=85 (full 3):
 def new generation   total 12608K, used 1344K [0x04a00000, 0x057a0000, 0x24a00000)
  eden space 11264K,   0% used [0x04a00000, 0x04a00000, 0x05500000)
  from space 1344K, 100% used [0x05650000, 0x057a0000, 0x057a0000)
  to   space 1344K,   0% used [0x05500000, 0x05500000, 0x05650000)
 tenured generation   total 27756K, used 25486K [0x24a00000, 0x2651b000, 0x64a00000)
   the space 27756K,  91% used [0x24a00000, 0x262e3858, 0x262e3a00, 0x2651b000)
 Metaspace       used 29282K, capacity 29965K, committed 30080K, reserved 30080K
}
Event: 30.651 GC heap before
{Heap before GC invocations=85 (full 3):
 def new generation   total 12608K, used 12607K [0x04a00000, 0x057a0000, 0x24a00000)
  eden space 11264K,  99% used [0x04a00000, 0x054ffde0, 0x05500000)
  from space 1344K, 100% used [0x05650000, 0x057a0000, 0x057a0000)
  to   space 1344K,   0% used [0x05500000, 0x05500000, 0x05650000)
 tenured generation   total 27756K, used 25486K [0x24a00000, 0x2651b000, 0x64a00000)
   the space 27756K,  91% used [0x24a00000, 0x262e3858, 0x262e3a00, 0x2651b000)
 Metaspace       used 29289K, capacity 29965K, committed 30080K, reserved 30080K
Event: 30.658 GC heap after
Heap after GC invocations=86 (full 3):
 def new generation   total 12608K, used 185K [0x04a00000, 0x057a0000, 0x24a00000)
  eden space 11264K,   0% used [0x04a00000, 0x04a00000, 0x05500000)
  from space 1344K,  13% used [0x05500000, 0x0552e5a8, 0x05650000)
  to   space 1344K,   0% used [0x05650000, 0x05650000, 0x057a0000)
 tenured generation   total 27756K, used 26819K [0x24a00000, 0x2651b000, 0x64a00000)
   the space 27756K,  96% used [0x24a00000, 0x26430ed0, 0x26431000, 0x2651b000)
 Metaspace       used 29289K, capacity 29965K, committed 30080K, reserved 30080K
}
Event: 31.009 GC heap before
{Heap before GC invocations=86 (full 3):
 def new generation   total 12608K, used 11449K [0x04a00000, 0x057a0000, 0x24a00000)
  eden space 11264K, 100% used [0x04a00000, 0x05500000, 0x05500000)
  from space 1344K,  13% used [0x05500000, 0x0552e5a8, 0x05650000)
  to   space 1344K,   0% used [0x05650000, 0x05650000, 0x057a0000)
 tenured generation   total 27756K, used 26819K [0x24a00000, 0x2651b000, 0x64a00000)
   the space 27756K,  96% used [0x24a00000, 0x26430ed0, 0x26431000, 0x2651b000)
 Metaspace       used 29600K, capacity 30256K, committed 30336K, reserved 31104K
Event: 31.014 GC heap after
Heap after GC invocations=87 (full 3):
 def new generation   total 12608K, used 875K [0x04a00000, 0x057a0000, 0x24a00000)
  eden space 11264K,   0% used [0x04a00000, 0x04a00000, 0x05500000)
  from space 1344K,  65% used [0x05650000, 0x0572ae10, 0x057a0000)
  to   space 1344K,   0% used [0x05500000, 0x05500000, 0x05650000)
 tenured generation   total 27756K, used 26819K [0x24a00000, 0x2651b000, 0x64a00000)
   the space 27756K,  96% used [0x24a00000, 0x26430ed0, 0x26431000, 0x2651b000)
 Metaspace       used 29600K, capacity 30256K, committed 30336K, reserved 31104K
}
Event: 31.261 GC heap before
{Heap before GC invocations=87 (full 3):
 def new generation   total 12608K, used 12139K [0x04a00000, 0x057a0000, 0x24a00000)
  eden space 11264K, 100% used [0x04a00000, 0x05500000, 0x05500000)
  from space 1344K,  65% used [0x05650000, 0x0572ae10, 0x057a0000)
  to   space 1344K,   0% used [0x05500000, 0x05500000, 0x05650000)
 tenured generation   total 27756K, used 26819K [0x24a00000, 0x2651b000, 0x64a00000)
   the space 27756K,  96% used [0x24a00000, 0x26430ed0, 0x26431000, 0x2651b000)
 Metaspace       used 29608K, capacity 30258K, committed 30336K, reserved 31104K
Event: 31.416 GC heap after
Heap after GC invocations=88 (full 4):
 def new generation   total 18752K, used 0K [0x04a00000, 0x05e50000, 0x24a00000)
  eden space 16704K,   0% used [0x04a00000, 0x04a00000, 0x05a50000)
  from space 2048K,   0% used [0x05a50000, 0x05a50000, 0x05c50000)
  to   space 2048K,   0% used [0x05c50000, 0x05c50000, 0x05e50000)
 tenured generation   total 41404K, used 24841K [0x24a00000, 0x2726f000, 0x64a00000)
   the space 41404K,  59% used [0x24a00000, 0x262427e0, 0x26242800, 0x2726f000)
 Metaspace       used 29577K, capacity 30219K, committed 30336K, reserved 31104K
}
Event: 31.604 GC heap before
{Heap before GC invocations=88 (full 4):
 def new generation   total 18752K, used 16704K [0x04a00000, 0x05e50000, 0x24a00000)
  eden space 16704K, 100% used [0x04a00000, 0x05a50000, 0x05a50000)
  from space 2048K,   0% used [0x05a50000, 0x05a50000, 0x05c50000)
  to   space 2048K,   0% used [0x05c50000, 0x05c50000, 0x05e50000)
 tenured generation   total 41404K, used 24841K [0x24a00000, 0x2726f000, 0x64a00000)
   the space 41404K,  59% used [0x24a00000, 0x262427e0, 0x26242800, 0x2726f000)
 Metaspace       used 29577K, capacity 30219K, committed 30336K, reserved 31104K
Event: 31.620 GC heap after
Heap after GC invocations=89 (full 4):
 def new generation   total 18752K, used 2048K [0x04a00000, 0x05e50000, 0x24a00000)
  eden space 16704K,   0% used [0x04a00000, 0x04a00000, 0x05a50000)
  from space 2048K, 100% used [0x05c50000, 0x05e50000, 0x05e50000)
  to   space 2048K,   0% used [0x05a50000, 0x05a50000, 0x05c50000)
 tenured generation   total 41404K, used 25325K [0x24a00000, 0x2726f000, 0x64a00000)
   the space 41404K,  61% used [0x24a00000, 0x262bb480, 0x262bb600, 0x2726f000)
 Metaspace       used 29577K, capacity 30219K, committed 30336K, reserved 31104K
}

Deoptimization events (0 events):
No events

Internal exceptions (10 events):
Event: 28.784 Thread 0x66442400 Exception <a 'java/lang/ArrayIndexOutOfBoundsException'> (0x05366180) thrown at [C:\re\workspace\8-2-build-windows-i586-cygwin\jdk8u111\7883\hotspot\src\share\vm\runtime\sharedRuntime.cpp, line 605]
Event: 28.784 Thread 0x66442400 Exception <a 'java/lang/ArrayIndexOutOfBoundsException'> (0x05369810) thrown at [C:\re\workspace\8-2-build-windows-i586-cygwin\jdk8u111\7883\hotspot\src\share\vm\runtime\sharedRuntime.cpp, line 605]
Event: 28.785 Thread 0x66442400 Exception <a 'java/lang/ClassNotFoundException': org/gradle/platform/base/BinaryContainer_ImplCustomizer> (0x0538a290) thrown at [C:\re\workspace\8-2-build-windows-i586-cygwin\jdk8u111\7883\hotspot\src\share\vm\classfile\systemDictionary.cpp, line 210]
Event: 29.030 Thread 0x66442400 Exception <a 'java/lang/NoSuchMethodError': <clinit>> (0x04d1b5d0) thrown at [C:\re\workspace\8-2-build-windows-i586-cygwin\jdk8u111\7883\hotspot\src\share\vm\prims\jni.cpp, line 1613]
Event: 29.030 Thread 0x66442400 Exception <a 'java/lang/NoSuchMethodError': <clinit>> (0x04d27a18) thrown at [C:\re\workspace\8-2-build-windows-i586-cygwin\jdk8u111\7883\hotspot\src\share\vm\prims\jni.cpp, line 1613]
Event: 29.054 Thread 0x66442400 Exception <a 'java/lang/NoSuchMethodError': <clinit>> (0x04f04040) thrown at [C:\re\workspace\8-2-build-windows-i586-cygwin\jdk8u111\7883\hotspot\src\share\vm\prims\jni.cpp, line 1613]
Event: 29.056 Thread 0x66442400 Exception <a 'java/lang/NoSuchMethodError': <clinit>> (0x04f1b750) thrown at [C:\re\workspace\8-2-build-windows-i586-cygwin\jdk8u111\7883\hotspot\src\share\vm\prims\jni.cpp, line 1613]
Event: 29.056 Thread 0x66442400 Exception <a 'java/lang/NoSuchMethodError': <clinit>> (0x04f1cae0) thrown at [C:\re\workspace\8-2-build-windows-i586-cygwin\jdk8u111\7883\hotspot\src\share\vm\prims\jni.cpp, line 1613]
Event: 31.808 Thread 0x67baf000 Exception <a 'java/io/FileNotFoundException'> (0x052466d0) thrown at [C:\re\workspace\8-2-build-windows-i586-cygwin\jdk8u111\7883\hotspot\src\share\vm\prims\jni.cpp, line 709]
Event: 31.843 Thread 0x67bad800 Exception <a 'java/io/FileNotFoundException'> (0x053eb570) thrown at [C:\re\workspace\8-2-build-windows-i586-cygwin\jdk8u111\7883\hotspot\src\share\vm\prims\jni.cpp, line 709]

Events (10 events):
Event: 31.878 Executing VM operation: RevokeBias done
Event: 31.879 loading class javax/imageio/ImageIO
Event: 31.880 loading class javax/imageio/ImageIO done
Event: 31.880 loading class javax/imageio/spi/IIORegistry
Event: 31.880 loading class javax/imageio/spi/ServiceRegistry
Event: 31.880 loading class javax/imageio/spi/ServiceRegistry done
Event: 31.880 loading class javax/imageio/spi/IIORegistry done
Event: 31.880 loading class javax/imageio/spi/ImageReaderSpi
Event: 31.880 loading class javax/imageio/spi/ImageReaderWriterSpi
Event: 31.881 loading class javax/imageio/spi/IIOServiceProvider


Dynamic libraries:
0x00d90000 - 0x00dc3000 	C:\Program Files (x86)\Java\jdk1.8.0_111\bin\java.exe
0x77350000 - 0x774b8000 	C:\Windows\SYSTEM32\ntdll.dll
0x766b0000 - 0x767f0000 	C:\Windows\SYSTEM32\KERNEL32.DLL
0x760e0000 - 0x761af000 	C:\Windows\SYSTEM32\KERNELBASE.dll
0x72130000 - 0x721c9000 	C:\Windows\system32\apphelp.dll
0x711e0000 - 0x71439000 	C:\Windows\AppPatch\AcGenral.DLL
0x765f0000 - 0x766ae000 	C:\Windows\SYSTEM32\msvcrt.dll
0x76280000 - 0x762be000 	C:\Windows\SYSTEM32\sechost.dll
0x74d80000 - 0x74d9d000 	C:\Windows\SYSTEM32\SspiCli.dll
0x76aa0000 - 0x76ae1000 	C:\Windows\SYSTEM32\SHLWAPI.dll
0x72230000 - 0x7230b000 	C:\Windows\SYSTEM32\UxTheme.dll
0x76940000 - 0x76a8f000 	C:\Windows\SYSTEM32\USER32.dll
0x76e60000 - 0x76f68000 	C:\Windows\SYSTEM32\GDI32.dll
0x72210000 - 0x72230000 	C:\Windows\SYSTEM32\WINMM.dll
0x72110000 - 0x72122000 	C:\Windows\SYSTEM32\samcli.dll
0x74da0000 - 0x74eac000 	C:\Windows\SYSTEM32\ole32.dll
0x76560000 - 0x765e7000 	C:\Windows\SYSTEM32\OLEAUT32.dll
0x720d0000 - 0x720e5000 	C:\Windows\SYSTEM32\MSACM32.dll
0x74a30000 - 0x74a38000 	C:\Windows\SYSTEM32\VERSION.dll
0x74f30000 - 0x760dd000 	C:\Windows\SYSTEM32\SHELL32.dll
0x71bc0000 - 0x71bd9000 	C:\Windows\SYSTEM32\USERENV.dll
0x71b10000 - 0x71b28000 	C:\Windows\SYSTEM32\dwmapi.dll
0x71610000 - 0x71732000 	C:\Windows\SYSTEM32\urlmon.dll
0x76420000 - 0x76498000 	C:\Windows\SYSTEM32\ADVAPI32.dll
0x71b50000 - 0x71bae000 	C:\Windows\SYSTEM32\WINSPOOL.DRV
0x720b0000 - 0x720c4000 	C:\Windows\SYSTEM32\MPR.dll
0x76d50000 - 0x76e01000 	C:\Windows\SYSTEM32\RPCRT4.dll
0x74d70000 - 0x74d79000 	C:\Windows\SYSTEM32\CRYPTBASE.dll
0x767f0000 - 0x7693e000 	C:\Windows\SYSTEM32\combase.dll
0x72090000 - 0x720b0000 	C:\Windows\SYSTEM32\WINMMBASE.dll
0x720f0000 - 0x720fe000 	C:\Windows\SYSTEM32\profapi.dll
0x71da0000 - 0x71fb9000 	C:\Windows\SYSTEM32\iertutil.dll
0x71be0000 - 0x71d9d000 	C:\Windows\SYSTEM32\WININET.dll
0x74d10000 - 0x74d63000 	C:\Windows\SYSTEM32\bcryptPrimitives.dll
0x761b0000 - 0x761ea000 	C:\Windows\SYSTEM32\cfgmgr32.dll
0x72580000 - 0x7259f000 	C:\Windows\SYSTEM32\DEVOBJ.dll
0x72310000 - 0x72386000 	C:\Windows\SYSTEM32\SHCORE.DLL
0x76250000 - 0x76275000 	C:\Windows\system32\IMM32.DLL
0x76310000 - 0x76407000 	C:\Windows\SYSTEM32\MSCTF.dll
0x72390000 - 0x72576000 	C:\Windows\WinSxS\x86_microsoft.windows.common-controls_6595b64144ccf1df_6.0.9600.17031_none_a9efdb8b01377ea7\COMCTL32.dll
0x71fd0000 - 0x7208f000 	C:\Program Files (x86)\Java\jdk1.8.0_111\jre\bin\msvcr100.dll
0x70e10000 - 0x711dd000 	C:\Program Files (x86)\Java\jdk1.8.0_111\jre\bin\client\jvm.dll
0x72100000 - 0x72108000 	C:\Windows\SYSTEM32\WSOCK32.dll
0x76410000 - 0x76416000 	C:\Windows\SYSTEM32\PSAPI.DLL
0x762c0000 - 0x7630d000 	C:\Windows\SYSTEM32\WS2_32.dll
0x76b30000 - 0x76b37000 	C:\Windows\SYSTEM32\NSI.dll
0x71fc0000 - 0x71fcc000 	C:\Program Files (x86)\Java\jdk1.8.0_111\jre\bin\verify.dll
0x71ae0000 - 0x71b01000 	C:\Program Files (x86)\Java\jdk1.8.0_111\jre\bin\java.dll
0x71ac0000 - 0x71ad3000 	C:\Program Files (x86)\Java\jdk1.8.0_111\jre\bin\zip.dll
0x71aa0000 - 0x71ab6000 	C:\Program Files (x86)\Java\jdk1.8.0_111\jre\bin\net.dll
0x74b90000 - 0x74bd5000 	C:\Windows\system32\mswsock.dll
0x71bb0000 - 0x71bbf000 	C:\Program Files (x86)\Java\jdk1.8.0_111\jre\bin\nio.dll
0x71a90000 - 0x71a9e000 	C:\Users\Olayinka_Peter\.gradle\native\19\windows-i386\native-platform.dll
0x73120000 - 0x73138000 	C:\Windows\SYSTEM32\CRYPTSP.dll
0x730f0000 - 0x7311f000 	C:\Windows\system32\rsaenh.dll
0x730d0000 - 0x730ed000 	C:\Windows\SYSTEM32\bcrypt.dll
0x74cf0000 - 0x74d0e000 	C:\Windows\SYSTEM32\IPHLPAPI.DLL
0x74c80000 - 0x74c88000 	C:\Windows\SYSTEM32\WINNSI.DLL
0x74b50000 - 0x74b62000 	C:\Windows\SYSTEM32\dhcpcsvc6.DLL
0x74b70000 - 0x74b83000 	C:\Windows\SYSTEM32\dhcpcsvc.DLL
0x71a80000 - 0x71a8a000 	C:\Program Files (x86)\Java\jdk1.8.0_111\jre\bin\management.dll
0x702a0000 - 0x703e6000 	C:\Program Files (x86)\Java\jdk1.8.0_111\jre\bin\awt.dll
0x70270000 - 0x70294000 	C:\Program Files (x86)\Java\jdk1.8.0_111\jre\bin\dcpr.dll
0x71440000 - 0x71588000 	C:\Windows\SYSTEM32\dbghelp.dll

VM Arguments:
jvm_args: -Xmx1536m -Dfile.encoding=windows-1252 -Duser.country=US -Duser.language=en -Duser.variant 
java_command: org.gradle.launcher.daemon.bootstrap.GradleDaemon 2.14.1
java_class_path (initial): C:\Program Files\Android\Android Studio\gradle\gradle-2.14.1\lib\gradle-launcher-2.14.1.jar
Launcher Type: SUN_STANDARD

Environment Variables:
PATH=C:\ProgramData\Oracle\Java\javapath;C:\Windows\system32;C:\Windows;C:\Windows\System32\Wbem;C:\Windows\System32\WindowsPowerShell\v1.0\;C:\Program Files (x86)\Windows Kits\10\Windows Performance Toolkit\;C:\Program Files\Microsoft SQL Server\130\Tools\Binn\;C:\Program Files\dotnet\;C:\Program Files\Git\cmd
USERNAME=Olayinka_Peter
OS=Windows_NT
PROCESSOR_IDENTIFIER=Intel64 Family 6 Model 37 Stepping 5, GenuineIntel



---------------  S Y S T E M  ---------------

OS: Windows 8.1 , 64 bit Build 9600 (6.3.9600.17031)

CPU:total 4 (2 cores per cpu, 2 threads per core) family 6 model 37 stepping 5, cmov, cx8, fxsr, mmx, sse, sse2, sse3, ssse3, sse4.1, sse4.2, popcnt, ht, tsc, tscinvbit

Memory: 4k page, physical 3987308k(268688k free), swap 8050540k(1711564k free)

vm_info: Java HotSpot(TM) Client VM (25.111-b14) for windows-x86 JRE (1.8.0_111-b14), built on Sep 22 2016 18:54:33 by "java_re" with MS VC++ 10.0 (VS2010)

time: Sun Mar 05 01:33:03 2017
elapsed time: 31 seconds (0d 0h 0m 31s)

