#
# A fatal error has been detected by the Java Runtime Environment:
#
#  EXCEPTION_ACCESS_VIOLATION (0xc0000005) at pc=0x70ebb599, pid=4948, tid=0x00000d94
#
# JRE version: Java(TM) SE Runtime Environment (8.0_111-b14) (build 1.8.0_111-b14)
# Java VM: Java HotSpot(TM) Client VM (25.111-b14 mixed mode windows-x86 )
# Problematic frame:
# V  [jvm.dll+0xab599]
#
# Failed to write core dump. Minidumps are not enabled by default on client versions of Windows
#
# If you would like to submit a bug report, please visit:
#   http://bugreport.java.com/bugreport/crash.jsp
#

---------------  T H R E A D  ---------------

Current thread (0x6744b000):  JavaThread "pool-3-thread-2" [_thread_in_vm, id=3476, stack(0x696c0000,0x69710000)]

siginfo: ExceptionCode=0xc0000005, reading address 0x0000000c

Registers:
EAX=0x00000000, EBX=0x6744b000, ECX=0x00000000, EDX=0x698dabff
ESP=0x6970d61c, EBP=0x6970d61c, ESI=0x00000420, EDI=0x6970da34
EIP=0x70ebb599, EFLAGS=0x00010202

Top of Stack: (sp=0x6970d61c)
0x6970d61c:   6970d650 70e466bc 00000000 6744b000
0x6970d62c:   6970da34 00000000 6970d644 67d69bf0
0x6970d63c:   6970d65c 70fcd1da 6970d654 6744b000
0x6970d64c:   67b1a8b8 6970d834 70e499c1 00000001
0x6970d65c:   00000000 67ab8c50 6970d7ac 00000000
0x6970d66c:   00a208f0 67249e18 6744b000 67b144a8
0x6970d67c:   71fe014e 67a11e50 000001c4 000000a3
0x6970d68c:   67e01800 00000064 00000000 00000000 

Instructions: (pc=0x70ebb599)
0x70ebb579:   cc cc cc cc cc cc cc 55 8b ec 8b 45 08 8b 4c 81
0x70ebb589:   2c 89 4d 08 8b 45 08 8a d0 f6 d2 f6 c2 01 74 07
0x70ebb599:   8b 40 0c 5d c2 04 00 83 e0 fe 5d c2 04 00 cc cc
0x70ebb5a9:   cc cc cc cc cc cc cc 55 8b ec 8b 45 0c 8b 4c 81 


Register to memory mapping:

EAX=0x00000000 is an unknown value
EBX=0x6744b000 is a thread
ECX=0x00000000 is an unknown value
EDX=0x698dabff is pointing into metadata
ESP=0x6970d61c is pointing into the stack for thread: 0x6744b000
EBP=0x6970d61c is pointing into the stack for thread: 0x6744b000
ESI=0x00000420 is an unknown value
EDI=0x6970da34 is pointing into the stack for thread: 0x6744b000


Stack: [0x696c0000,0x69710000],  sp=0x6970d61c,  free space=309k
Native frames: (J=compiled Java code, j=interpreted, Vv=VM code, C=native code)
V  [jvm.dll+0xab599]
V  [jvm.dll+0x366bc]
V  [jvm.dll+0x399c1]
V  [jvm.dll+0x3b526]
V  [jvm.dll+0x502ef]
V  [jvm.dll+0x509ca]
V  [jvm.dll+0x51c10]
V  [jvm.dll+0x4e67a]
V  [jvm.dll+0x39b37]
V  [jvm.dll+0x3b526]
V  [jvm.dll+0x502ef]
V  [jvm.dll+0x509ca]
V  [jvm.dll+0x51c10]
V  [jvm.dll+0x4e67a]
V  [jvm.dll+0x39b37]
V  [jvm.dll+0x3b526]
V  [jvm.dll+0x502ef]
V  [jvm.dll+0x509ca]
V  [jvm.dll+0x51c10]
V  [jvm.dll+0x51c5a]
V  [jvm.dll+0xac9d8]
V  [jvm.dll+0x80942]
V  [jvm.dll+0x80a1d]
j  javax.imageio.spi.IIORegistry.<clinit>()V+14
v  ~StubRoutines::call_stub
V  [jvm.dll+0x15a895]
V  [jvm.dll+0x220bfe]
V  [jvm.dll+0x15a92e]
V  [jvm.dll+0xbfecb]
V  [jvm.dll+0xc1097]
V  [jvm.dll+0xc11e8]
V  [jvm.dll+0x84d96]
V  [jvm.dll+0x85d92]
V  [jvm.dll+0x81347]
j  javax.imageio.ImageIO.<clinit>()V+0
v  ~StubRoutines::call_stub
V  [jvm.dll+0x15a895]
V  [jvm.dll+0x220bfe]
V  [jvm.dll+0x15a92e]
V  [jvm.dll+0xbfecb]
V  [jvm.dll+0xc1097]
V  [jvm.dll+0xc11e8]
V  [jvm.dll+0x84d96]
V  [jvm.dll+0x85d92]
V  [jvm.dll+0x81347]
j  com.android.builder.png.VectorDrawableRenderer.generateFile(Ljava/io/File;Ljava/io/File;)V+149
j  com.android.ide.common.res2.MergedResourceWriter.lambda$addItem$2(Lcom/android/ide/common/res2/ResourceItem;Lcom/android/ide/common/res2/DataFile$FileType;)Ljava/lang/Void;+33
j  com.android.ide.common.res2.MergedResourceWriter$$Lambda$157.call()Ljava/lang/Object;+12
j  java.util.concurrent.FutureTask.run()V+42
j  java.util.concurrent.Executors$RunnableAdapter.call()Ljava/lang/Object;+4
j  java.util.concurrent.FutureTask.run()V+42
j  java.util.concurrent.ThreadPoolExecutor.runWorker(Ljava/util/concurrent/ThreadPoolExecutor$Worker;)V+95
j  java.util.concurrent.ThreadPoolExecutor$Worker.run()V+5
j  java.lang.Thread.run()V+11
v  ~StubRoutines::call_stub
V  [jvm.dll+0x15a895]
V  [jvm.dll+0x220bfe]
V  [jvm.dll+0x15a92e]
V  [jvm.dll+0x15aab6]
V  [jvm.dll+0x15ab27]
V  [jvm.dll+0xfef8f]
V  [jvm.dll+0x17d6f0]
V  [jvm.dll+0x17df6a]
V  [jvm.dll+0x1c29c6]
C  [msvcr100.dll+0x5c556]
C  [msvcr100.dll+0x5c600]
C  [KERNEL32.DLL+0x1919f]
C  [ntdll.dll+0x4a8cb]
C  [ntdll.dll+0x4a8a1]
C  0x00000000

Java frames: (J=compiled Java code, j=interpreted, Vv=VM code)
j  javax.imageio.spi.IIORegistry.<clinit>()V+14
v  ~StubRoutines::call_stub
j  javax.imageio.ImageIO.<clinit>()V+0
v  ~StubRoutines::call_stub
j  com.android.builder.png.VectorDrawableRenderer.generateFile(Ljava/io/File;Ljava/io/File;)V+149
j  com.android.ide.common.res2.MergedResourceWriter.lambda$addItem$2(Lcom/android/ide/common/res2/ResourceItem;Lcom/android/ide/common/res2/DataFile$FileType;)Ljava/lang/Void;+33
j  com.android.ide.common.res2.MergedResourceWriter$$Lambda$157.call()Ljava/lang/Object;+12
j  java.util.concurrent.FutureTask.run()V+42
j  java.util.concurrent.Executors$RunnableAdapter.call()Ljava/lang/Object;+4
j  java.util.concurrent.FutureTask.run()V+42
j  java.util.concurrent.ThreadPoolExecutor.runWorker(Ljava/util/concurrent/ThreadPoolExecutor$Worker;)V+95
j  java.util.concurrent.ThreadPoolExecutor$Worker.run()V+5
j  java.lang.Thread.run()V+11
v  ~StubRoutines::call_stub

---------------  P R O C E S S  ---------------

Java Threads: ( => current thread )
  0x6744dc00 JavaThread "Java2D Disposer" daemon [_thread_blocked, id=6328, stack(0x69a70000,0x69ac0000)]
  0x6744cc00 JavaThread "pool-3-thread-4" [_thread_blocked, id=6336, stack(0x697e0000,0x69830000)]
  0x6744a400 JavaThread "pool-3-thread-3" [_thread_blocked, id=3268, stack(0x69750000,0x697a0000)]
=>0x6744b000 JavaThread "pool-3-thread-2" [_thread_in_vm, id=3476, stack(0x696c0000,0x69710000)]
  0x6744ac00 JavaThread "pool-3-thread-1" [_thread_blocked, id=6124, stack(0x69630000,0x69680000)]
  0x6744bc00 JavaThread "File lock request listener" [_thread_in_native, id=6928, stack(0x68580000,0x685d0000)]
  0x65c74000 JavaThread "Stdin handler" [_thread_blocked, id=2728, stack(0x66d20000,0x66d70000)]
  0x65c73400 JavaThread "Asynchronous log dispatcher for org.gradle.launcher.daemon.server.DefaultDaemonConnection@d62cf0" [_thread_blocked, id=6616, stack(0x66c90000,0x66ce0000)]
  0x65c8f800 JavaThread "Daemon worker" [_thread_in_native, id=5644, stack(0x66c00000,0x66c50000)]
  0x65c69000 JavaThread "Cancel handler" [_thread_blocked, id=2628, stack(0x66b70000,0x66bc0000)]
  0x65c68800 JavaThread "Handler for socket connection from /127.0.0.1:56414 to /127.0.0.1:56418" [_thread_in_native, id=2100, stack(0x66ae0000,0x66b30000)]
  0x65c67c00 JavaThread "Daemon" [_thread_blocked, id=1996, stack(0x66a50000,0x66aa0000)]
  0x65bb6000 JavaThread "Incoming local TCP Connector on port 56414" [_thread_in_native, id=6772, stack(0x664c0000,0x66510000)]
  0x65bb3800 JavaThread "pool-1-thread-1" [_thread_blocked, id=6020, stack(0x65640000,0x65690000)]
  0x64bb1000 JavaThread "Service Thread" daemon [_thread_blocked, id=5944, stack(0x65120000,0x65170000)]
  0x64bb8400 JavaThread "C1 CompilerThread0" daemon [_thread_blocked, id=3732, stack(0x65090000,0x650e0000)]
  0x64bb7400 JavaThread "Attach Listener" daemon [_thread_blocked, id=3776, stack(0x65000000,0x65050000)]
  0x64bb5400 JavaThread "Signal Dispatcher" daemon [_thread_blocked, id=3872, stack(0x00d30000,0x00d80000)]
  0x64b99000 JavaThread "Finalizer" daemon [_thread_blocked, id=5104, stack(0x00ca0000,0x00cf0000)]
  0x64b83400 JavaThread "Reference Handler" daemon [_thread_blocked, id=6004, stack(0x00c10000,0x00c60000)]
  0x00bfb800 JavaThread "main" [_thread_blocked, id=4184, stack(0x005d0000,0x00620000)]

Other Threads:
  0x00b1bc00 VMThread [stack: 0x00b60000,0x00bb0000] [id=3512]
  0x64bdc000 WatcherThread [stack: 0x651b0000,0x65200000] [id=5488]

VM state:not at safepoint (normal execution)

VM Mutex/Monitor currently owned by a thread: None

Heap:
 def new generation   total 17600K, used 8097K [0x04200000, 0x05510000, 0x24200000)
  eden space 15680K,  39% used [0x04200000, 0x04808460, 0x05150000)
  from space 1920K, 100% used [0x05150000, 0x05330000, 0x05330000)
  to   space 1920K,   0% used [0x05330000, 0x05330000, 0x05510000)
 tenured generation   total 38908K, used 25739K [0x24200000, 0x267ff000, 0x64200000)
   the space 38908K,  66% used [0x24200000, 0x25b22fc0, 0x25b23000, 0x267ff000)
 Metaspace       used 30895K, capacity 31565K, committed 31872K, reserved 32128K

Card table byte_map: [0x64200000,0x64510000] byte_map_base: 0x641df000

Polling page: 0x00620000

CodeCache: size=32768Kb used=6075Kb max_used=6229Kb free=26692Kb
 bounds [0x021d0000, 0x027e8000, 0x041d0000]
 total_blobs=3632 nmethods=3160 adapters=402
 compilation: enabled

Compilation events (10 events):
Event: 45.441 Thread 0x64bb8400 3329             java.util.TimSort::mergeLo (659 bytes)
Event: 45.443 Thread 0x64bb8400 nmethod 3329 0x02787408 code [0x02787620, 0x027888f0]
Event: 45.443 Thread 0x64bb8400 3330             sun.java2d.loops.GraphicsPrimitiveMgr$1::compare (39 bytes)
Event: 45.443 Thread 0x64bb8400 nmethod 3330 0x022a4b08 code [0x022a4c10, 0x022a4d20]
Event: 45.443 Thread 0x64bb8400 3331             java.util.TimSort::mergeHi (732 bytes)
Event: 45.445 Thread 0x64bb8400 nmethod 3331 0x02288348 code [0x02288560, 0x02289860]
Event: 45.447 Thread 0x64bb8400 3332             sun.java2d.loops.SurfaceType::getUniqueID (5 bytes)
Event: 45.448 Thread 0x64bb8400 nmethod 3332 0x02296848 code [0x02296940, 0x022969c0]
Event: 45.449 Thread 0x64bb8400 3333             sun.java2d.loops.GraphicsPrimitiveMgr$2::compare (39 bytes)
Event: 45.450 Thread 0x64bb8400 nmethod 3333 0x022a6908 code [0x022a6a10, 0x022a6b10]

GC Heap History (10 events):
Event: 41.121 GC heap before
{Heap before GC invocations=86 (full 3):
 def new generation   total 12480K, used 11318K [0x04200000, 0x04f80000, 0x24200000)
  eden space 11136K, 100% used [0x04200000, 0x04ce0000, 0x04ce0000)
  from space 1344K,  13% used [0x04ce0000, 0x04d0db98, 0x04e30000)
  to   space 1344K,   0% used [0x04e30000, 0x04e30000, 0x04f80000)
 tenured generation   total 27496K, used 26600K [0x24200000, 0x25cda000, 0x64200000)
   the space 27496K,  96% used [0x24200000, 0x25bfa050, 0x25bfa200, 0x25cda000)
 Metaspace       used 28661K, capacity 29339K, committed 29440K, reserved 30080K
Event: 41.131 GC heap after
Heap after GC invocations=87 (full 3):
 def new generation   total 12480K, used 543K [0x04200000, 0x04f80000, 0x24200000)
  eden space 11136K,   0% used [0x04200000, 0x04200000, 0x04ce0000)
  from space 1344K,  40% used [0x04e30000, 0x04eb7f00, 0x04f80000)
  to   space 1344K,   0% used [0x04ce0000, 0x04ce0000, 0x04e30000)
 tenured generation   total 27496K, used 26600K [0x24200000, 0x25cda000, 0x64200000)
   the space 27496K,  96% used [0x24200000, 0x25bfa050, 0x25bfa200, 0x25cda000)
 Metaspace       used 28661K, capacity 29339K, committed 29440K, reserved 30080K
}
Event: 44.326 GC heap before
{Heap before GC invocations=87 (full 3):
 def new generation   total 12480K, used 11679K [0x04200000, 0x04f80000, 0x24200000)
  eden space 11136K, 100% used [0x04200000, 0x04ce0000, 0x04ce0000)
  from space 1344K,  40% used [0x04e30000, 0x04eb7f00, 0x04f80000)
  to   space 1344K,   0% used [0x04ce0000, 0x04ce0000, 0x04e30000)
 tenured generation   total 27496K, used 26600K [0x24200000, 0x25cda000, 0x64200000)
   the space 27496K,  96% used [0x24200000, 0x25bfa050, 0x25bfa200, 0x25cda000)
 Metaspace       used 29616K, capacity 30301K, committed 30336K, reserved 31104K
Event: 44.338 GC heap after
Heap after GC invocations=88 (full 3):
 def new generation   total 12480K, used 866K [0x04200000, 0x04f80000, 0x24200000)
  eden space 11136K,   0% used [0x04200000, 0x04200000, 0x04ce0000)
  from space 1344K,  64% used [0x04ce0000, 0x04db8b08, 0x04e30000)
  to   space 1344K,   0% used [0x04e30000, 0x04e30000, 0x04f80000)
 tenured generation   total 27496K, used 26600K [0x24200000, 0x25cda000, 0x64200000)
   the space 27496K,  96% used [0x24200000, 0x25bfa050, 0x25bfa200, 0x25cda000)
 Metaspace       used 29616K, capacity 30301K, committed 30336K, reserved 31104K
}
Event: 44.783 GC heap before
{Heap before GC invocations=88 (full 3):
 def new generation   total 12480K, used 12002K [0x04200000, 0x04f80000, 0x24200000)
  eden space 11136K, 100% used [0x04200000, 0x04ce0000, 0x04ce0000)
  from space 1344K,  64% used [0x04ce0000, 0x04db8b08, 0x04e30000)
  to   space 1344K,   0% used [0x04e30000, 0x04e30000, 0x04f80000)
 tenured generation   total 27496K, used 26600K [0x24200000, 0x25cda000, 0x64200000)
   the space 27496K,  96% used [0x24200000, 0x25bfa050, 0x25bfa200, 0x25cda000)
 Metaspace       used 29924K, capacity 30626K, committed 30720K, reserved 31104K
Event: 44.950 GC heap after
Heap after GC invocations=89 (full 4):
 def new generation   total 17600K, used 0K [0x04200000, 0x05510000, 0x24200000)
  eden space 15680K,   0% used [0x04200000, 0x04200000, 0x05150000)
  from space 1920K,   0% used [0x05150000, 0x05150000, 0x05330000)
  to   space 1920K,   0% used [0x05330000, 0x05330000, 0x05510000)
 tenured generation   total 38908K, used 23343K [0x24200000, 0x267ff000, 0x64200000)
   the space 38908K,  59% used [0x24200000, 0x258cbe90, 0x258cc000, 0x267ff000)
 Metaspace       used 29771K, capacity 30425K, committed 30720K, reserved 31104K
}
Event: 45.132 GC heap before
{Heap before GC invocations=89 (full 4):
 def new generation   total 17600K, used 15680K [0x04200000, 0x05510000, 0x24200000)
  eden space 15680K, 100% used [0x04200000, 0x05150000, 0x05150000)
  from space 1920K,   0% used [0x05150000, 0x05150000, 0x05330000)
  to   space 1920K,   0% used [0x05330000, 0x05330000, 0x05510000)
 tenured generation   total 38908K, used 23343K [0x24200000, 0x267ff000, 0x64200000)
   the space 38908K,  59% used [0x24200000, 0x258cbe90, 0x258cc000, 0x267ff000)
 Metaspace       used 29774K, capacity 30427K, committed 30720K, reserved 31104K
Event: 45.146 GC heap after
Heap after GC invocations=90 (full 4):
 def new generation   total 17600K, used 1920K [0x04200000, 0x05510000, 0x24200000)
  eden space 15680K,   0% used [0x04200000, 0x04200000, 0x05150000)
  from space 1920K, 100% used [0x05330000, 0x05510000, 0x05510000)
  to   space 1920K,   0% used [0x05150000, 0x05150000, 0x05330000)
 tenured generation   total 38908K, used 23643K [0x24200000, 0x267ff000, 0x64200000)
   the space 38908K,  60% used [0x24200000, 0x25916c00, 0x25916c00, 0x267ff000)
 Metaspace       used 29774K, capacity 30427K, committed 30720K, reserved 31104K
}
Event: 45.346 GC heap before
{Heap before GC invocations=90 (full 4):
 def new generation   total 17600K, used 17600K [0x04200000, 0x05510000, 0x24200000)
  eden space 15680K, 100% used [0x04200000, 0x05150000, 0x05150000)
  from space 1920K, 100% used [0x05330000, 0x05510000, 0x05510000)
  to   space 1920K,   0% used [0x05150000, 0x05150000, 0x05330000)
 tenured generation   total 38908K, used 23643K [0x24200000, 0x267ff000, 0x64200000)
   the space 38908K,  60% used [0x24200000, 0x25916c00, 0x25916c00, 0x267ff000)
 Metaspace       used 30058K, capacity 30696K, committed 30976K, reserved 31104K
Event: 45.362 GC heap after
Heap after GC invocations=91 (full 4):
 def new generation   total 17600K, used 1920K [0x04200000, 0x05510000, 0x24200000)
  eden space 15680K,   0% used [0x04200000, 0x04200000, 0x05150000)
  from space 1920K, 100% used [0x05150000, 0x05330000, 0x05330000)
  to   space 1920K,   0% used [0x05330000, 0x05330000, 0x05510000)
 tenured generation   total 38908K, used 25739K [0x24200000, 0x267ff000, 0x64200000)
   the space 38908K,  66% used [0x24200000, 0x25b22fc0, 0x25b23000, 0x267ff000)
 Metaspace       used 30058K, capacity 30696K, committed 30976K, reserved 31104K
}

Deoptimization events (0 events):
No events

Internal exceptions (10 events):
Event: 10.117 Thread 0x65c8f800 Exception <a 'java/lang/ClassNotFoundException': org/gradle/platform/base/BinaryContainer_ImplCustomizer> (0x04b99718) thrown at [C:\re\workspace\8-2-build-windows-i586-cygwin\jdk8u111\7883\hotspot\src\share\vm\classfile\systemDictionary.cpp, line 210]
Event: 10.272 Thread 0x65c8f800 Exception <a 'java/lang/NoSuchMethodError': <clinit>> (0x04501ea0) thrown at [C:\re\workspace\8-2-build-windows-i586-cygwin\jdk8u111\7883\hotspot\src\share\vm\prims\jni.cpp, line 1613]
Event: 10.272 Thread 0x65c8f800 Exception <a 'java/lang/NoSuchMethodError': <clinit>> (0x0450e2e0) thrown at [C:\re\workspace\8-2-build-windows-i586-cygwin\jdk8u111\7883\hotspot\src\share\vm\prims\jni.cpp, line 1613]
Event: 10.562 Thread 0x65c8f800 Exception <a 'java/lang/NoSuchMethodError': <clinit>> (0x04708a50) thrown at [C:\re\workspace\8-2-build-windows-i586-cygwin\jdk8u111\7883\hotspot\src\share\vm\prims\jni.cpp, line 1613]
Event: 10.565 Thread 0x65c8f800 Exception <a 'java/lang/NoSuchMethodError': <clinit>> (0x047201a0) thrown at [C:\re\workspace\8-2-build-windows-i586-cygwin\jdk8u111\7883\hotspot\src\share\vm\prims\jni.cpp, line 1613]
Event: 10.565 Thread 0x65c8f800 Exception <a 'java/lang/NoSuchMethodError': <clinit>> (0x04721530) thrown at [C:\re\workspace\8-2-build-windows-i586-cygwin\jdk8u111\7883\hotspot\src\share\vm\prims\jni.cpp, line 1613]
Event: 25.956 Thread 0x65c8f800 Exception <a 'java/lang/ClassNotFoundException': com/android/build/gradle/internal/LibraryCache$1BeanInfo> (0x04bbc118) thrown at [C:\re\workspace\8-2-build-windows-i586-cygwin\jdk8u111\7883\hotspot\src\share\vm\classfile\systemDictionary.cpp, line 210]
Event: 25.957 Thread 0x65c8f800 Exception <a 'java/lang/ClassNotFoundException': com/android/build/gradle/internal/LibraryCache$1Customizer> (0x04bcc718) thrown at [C:\re\workspace\8-2-build-windows-i586-cygwin\jdk8u111\7883\hotspot\src\share\vm\classfile\systemDictionary.cpp, line 210]
Event: 45.389 Thread 0x6744ac00 Exception <a 'java/io/FileNotFoundException'> (0x04363a10) thrown at [C:\re\workspace\8-2-build-windows-i586-cygwin\jdk8u111\7883\hotspot\src\share\vm\prims\jni.cpp, line 709]
Event: 45.422 Thread 0x6744ac00 Exception <a 'java/io/FileNotFoundException'> (0x0456f710) thrown at [C:\re\workspace\8-2-build-windows-i586-cygwin\jdk8u111\7883\hotspot\src\share\vm\prims\jni.cpp, line 709]

Events (10 events):
Event: 45.455 Executing VM operation: RevokeBias done
Event: 45.455 loading class javax/imageio/ImageIO
Event: 45.456 loading class javax/imageio/ImageIO done
Event: 45.456 loading class javax/imageio/spi/IIORegistry
Event: 45.456 loading class javax/imageio/spi/ServiceRegistry
Event: 45.457 loading class javax/imageio/spi/ServiceRegistry done
Event: 45.457 loading class javax/imageio/spi/IIORegistry done
Event: 45.457 loading class javax/imageio/spi/ImageReaderSpi
Event: 45.457 loading class javax/imageio/spi/ImageReaderWriterSpi
Event: 45.457 loading class javax/imageio/spi/IIOServiceProvider


Dynamic libraries:
0x00d90000 - 0x00dc3000 	C:\Program Files (x86)\Java\jdk1.8.0_111\bin\java.exe
0x77350000 - 0x774b8000 	C:\Windows\SYSTEM32\ntdll.dll
0x766b0000 - 0x767f0000 	C:\Windows\SYSTEM32\KERNEL32.DLL
0x760e0000 - 0x761af000 	C:\Windows\SYSTEM32\KERNELBASE.dll
0x72130000 - 0x721c9000 	C:\Windows\system32\apphelp.dll
0x711e0000 - 0x71439000 	C:\Windows\AppPatch\AcGenral.DLL
0x765f0000 - 0x766ae000 	C:\Windows\SYSTEM32\msvcrt.dll
0x76280000 - 0x762be000 	C:\Windows\SYSTEM32\sechost.dll
0x74d80000 - 0x74d9d000 	C:\Windows\SYSTEM32\SspiCli.dll
0x76aa0000 - 0x76ae1000 	C:\Windows\SYSTEM32\SHLWAPI.dll
0x72230000 - 0x7230b000 	C:\Windows\SYSTEM32\UxTheme.dll
0x76940000 - 0x76a8f000 	C:\Windows\SYSTEM32\USER32.dll
0x76e60000 - 0x76f68000 	C:\Windows\SYSTEM32\GDI32.dll
0x72210000 - 0x72230000 	C:\Windows\SYSTEM32\WINMM.dll
0x72110000 - 0x72122000 	C:\Windows\SYSTEM32\samcli.dll
0x74da0000 - 0x74eac000 	C:\Windows\SYSTEM32\ole32.dll
0x76560000 - 0x765e7000 	C:\Windows\SYSTEM32\OLEAUT32.dll
0x720d0000 - 0x720e5000 	C:\Windows\SYSTEM32\MSACM32.dll
0x74a30000 - 0x74a38000 	C:\Windows\SYSTEM32\VERSION.dll
0x74f30000 - 0x760dd000 	C:\Windows\SYSTEM32\SHELL32.dll
0x71bc0000 - 0x71bd9000 	C:\Windows\SYSTEM32\USERENV.dll
0x71b10000 - 0x71b28000 	C:\Windows\SYSTEM32\dwmapi.dll
0x71610000 - 0x71732000 	C:\Windows\SYSTEM32\urlmon.dll
0x76420000 - 0x76498000 	C:\Windows\SYSTEM32\ADVAPI32.dll
0x71b50000 - 0x71bae000 	C:\Windows\SYSTEM32\WINSPOOL.DRV
0x720b0000 - 0x720c4000 	C:\Windows\SYSTEM32\MPR.dll
0x76d50000 - 0x76e01000 	C:\Windows\SYSTEM32\RPCRT4.dll
0x74d70000 - 0x74d79000 	C:\Windows\SYSTEM32\CRYPTBASE.dll
0x767f0000 - 0x7693e000 	C:\Windows\SYSTEM32\combase.dll
0x72090000 - 0x720b0000 	C:\Windows\SYSTEM32\WINMMBASE.dll
0x720f0000 - 0x720fe000 	C:\Windows\SYSTEM32\profapi.dll
0x71da0000 - 0x71fb9000 	C:\Windows\SYSTEM32\iertutil.dll
0x71be0000 - 0x71d9d000 	C:\Windows\SYSTEM32\WININET.dll
0x74d10000 - 0x74d63000 	C:\Windows\SYSTEM32\bcryptPrimitives.dll
0x761b0000 - 0x761ea000 	C:\Windows\SYSTEM32\cfgmgr32.dll
0x72580000 - 0x7259f000 	C:\Windows\SYSTEM32\DEVOBJ.dll
0x72310000 - 0x72386000 	C:\Windows\SYSTEM32\SHCORE.DLL
0x76250000 - 0x76275000 	C:\Windows\system32\IMM32.DLL
0x76310000 - 0x76407000 	C:\Windows\SYSTEM32\MSCTF.dll
0x72390000 - 0x72576000 	C:\Windows\WinSxS\x86_microsoft.windows.common-controls_6595b64144ccf1df_6.0.9600.17031_none_a9efdb8b01377ea7\COMCTL32.dll
0x71fd0000 - 0x7208f000 	C:\Program Files (x86)\Java\jdk1.8.0_111\jre\bin\msvcr100.dll
0x70e10000 - 0x711dd000 	C:\Program Files (x86)\Java\jdk1.8.0_111\jre\bin\client\jvm.dll
0x72100000 - 0x72108000 	C:\Windows\SYSTEM32\WSOCK32.dll
0x76410000 - 0x76416000 	C:\Windows\SYSTEM32\PSAPI.DLL
0x762c0000 - 0x7630d000 	C:\Windows\SYSTEM32\WS2_32.dll
0x76b30000 - 0x76b37000 	C:\Windows\SYSTEM32\NSI.dll
0x71fc0000 - 0x71fcc000 	C:\Program Files (x86)\Java\jdk1.8.0_111\jre\bin\verify.dll
0x71ae0000 - 0x71b01000 	C:\Program Files (x86)\Java\jdk1.8.0_111\jre\bin\java.dll
0x71ac0000 - 0x71ad3000 	C:\Program Files (x86)\Java\jdk1.8.0_111\jre\bin\zip.dll
0x71aa0000 - 0x71ab6000 	C:\Program Files (x86)\Java\jdk1.8.0_111\jre\bin\net.dll
0x74b90000 - 0x74bd5000 	C:\Windows\system32\mswsock.dll
0x71bb0000 - 0x71bbf000 	C:\Program Files (x86)\Java\jdk1.8.0_111\jre\bin\nio.dll
0x71a90000 - 0x71a9e000 	C:\Users\Olayinka_Peter\.gradle\native\19\windows-i386\native-platform.dll
0x73120000 - 0x73138000 	C:\Windows\SYSTEM32\CRYPTSP.dll
0x730f0000 - 0x7311f000 	C:\Windows\system32\rsaenh.dll
0x730d0000 - 0x730ed000 	C:\Windows\SYSTEM32\bcrypt.dll
0x74cf0000 - 0x74d0e000 	C:\Windows\SYSTEM32\IPHLPAPI.DLL
0x74c80000 - 0x74c88000 	C:\Windows\SYSTEM32\WINNSI.DLL
0x74b50000 - 0x74b62000 	C:\Windows\SYSTEM32\dhcpcsvc6.DLL
0x74b70000 - 0x74b83000 	C:\Windows\SYSTEM32\dhcpcsvc.DLL
0x71a80000 - 0x71a8a000 	C:\Program Files (x86)\Java\jdk1.8.0_111\jre\bin\management.dll
0x702a0000 - 0x703e6000 	C:\Program Files (x86)\Java\jdk1.8.0_111\jre\bin\awt.dll
0x70270000 - 0x70294000 	C:\Program Files (x86)\Java\jdk1.8.0_111\jre\bin\dcpr.dll
0x71440000 - 0x71588000 	C:\Windows\SYSTEM32\dbghelp.dll

VM Arguments:
jvm_args: -Xmx1536m -Dfile.encoding=windows-1252 -Duser.country=US -Duser.language=en -Duser.variant 
java_command: org.gradle.launcher.daemon.bootstrap.GradleDaemon 2.14.1
java_class_path (initial): C:\Program Files\Android\Android Studio\gradle\gradle-2.14.1\lib\gradle-launcher-2.14.1.jar
Launcher Type: SUN_STANDARD

Environment Variables:
PATH=C:\ProgramData\Oracle\Java\javapath;C:\Windows\system32;C:\Windows;C:\Windows\System32\Wbem;C:\Windows\System32\WindowsPowerShell\v1.0\;C:\Program Files (x86)\Windows Kits\10\Windows Performance Toolkit\;C:\Program Files\Microsoft SQL Server\130\Tools\Binn\;C:\Program Files\dotnet\;C:\Program Files\Git\cmd
USERNAME=Olayinka_Peter
OS=Windows_NT
PROCESSOR_IDENTIFIER=Intel64 Family 6 Model 37 Stepping 5, GenuineIntel



---------------  S Y S T E M  ---------------

OS: Windows 8.1 , 64 bit Build 9600 (6.3.9600.17031)

CPU:total 4 (2 cores per cpu, 2 threads per core) family 6 model 37 stepping 5, cmov, cx8, fxsr, mmx, sse, sse2, sse3, ssse3, sse4.1, sse4.2, popcnt, ht, tsc, tscinvbit

Memory: 4k page, physical 3987308k(230160k free), swap 8050540k(1663460k free)

vm_info: Java HotSpot(TM) Client VM (25.111-b14) for windows-x86 JRE (1.8.0_111-b14), built on Sep 22 2016 18:54:33 by "java_re" with MS VC++ 10.0 (VS2010)

time: Sun Mar 05 01:35:18 2017
elapsed time: 45 seconds (0d 0h 0m 45s)

