#
# A fatal error has been detected by the Java Runtime Environment:
#
#  EXCEPTION_ACCESS_VIOLATION (0xc0000005) at pc=0x70ebb599, pid=4960, tid=0x000012fc
#
# JRE version: Java(TM) SE Runtime Environment (8.0_111-b14) (build 1.8.0_111-b14)
# Java VM: Java HotSpot(TM) Client VM (25.111-b14 mixed mode windows-x86 )
# Problematic frame:
# V  [jvm.dll+0xab599]
#
# Failed to write core dump. Minidumps are not enabled by default on client versions of Windows
#
# If you would like to submit a bug report, please visit:
#   http://bugreport.java.com/bugreport/crash.jsp
#

---------------  T H R E A D  ---------------

Current thread (0x67e49400):  JavaThread "pool-7-thread-3" [_thread_in_vm, id=4860, stack(0x6bed0000,0x6bf20000)]

siginfo: ExceptionCode=0xc0000005, reading address 0x0000000c

Registers:
EAX=0x00000000, EBX=0x67e49400, ECX=0x00000000, EDX=0x6c17b4ff
ESP=0x6bf1d13c, EBP=0x6bf1d13c, ESI=0x00000420, EDI=0x6bf1d554
EIP=0x70ebb599, EFLAGS=0x00010202

Top of Stack: (sp=0x6bf1d13c)
0x6bf1d13c:   6bf1d170 70e466bc 00000000 67e49400
0x6bf1d14c:   6bf1d554 00000000 6bf1d164 682f3088
0x6bf1d15c:   6bf1d17c 70fcd1da 6bf1d174 67e49400
0x6bf1d16c:   6a0f5338 6bf1d354 70e499c1 00000001
0x6bf1d17c:   00000000 67a629e0 6bf1d2cc 00000000
0x6bf1d18c:   024f08f0 69ff2020 67e49400 66125408
0x6bf1d19c:   71fe014e 6861a470 000001b8 000000a9
0x6bf1d1ac:   68610900 00000064 00000000 00000000 

Instructions: (pc=0x70ebb599)
0x70ebb579:   cc cc cc cc cc cc cc 55 8b ec 8b 45 08 8b 4c 81
0x70ebb589:   2c 89 4d 08 8b 45 08 8a d0 f6 d2 f6 c2 01 74 07
0x70ebb599:   8b 40 0c 5d c2 04 00 83 e0 fe 5d c2 04 00 cc cc
0x70ebb5a9:   cc cc cc cc cc cc cc 55 8b ec 8b 45 0c 8b 4c 81 


Register to memory mapping:

EAX=0x00000000 is an unknown value
EBX=0x67e49400 is a thread
ECX=0x00000000 is an unknown value
EDX=0x6c17b4ff is pointing into metadata
ESP=0x6bf1d13c is pointing into the stack for thread: 0x67e49400
EBP=0x6bf1d13c is pointing into the stack for thread: 0x67e49400
ESI=0x00000420 is an unknown value
EDI=0x6bf1d554 is pointing into the stack for thread: 0x67e49400


Stack: [0x6bed0000,0x6bf20000],  sp=0x6bf1d13c,  free space=308k
Native frames: (J=compiled Java code, j=interpreted, Vv=VM code, C=native code)
V  [jvm.dll+0xab599]
V  [jvm.dll+0x366bc]
V  [jvm.dll+0x399c1]
V  [jvm.dll+0x3b526]
V  [jvm.dll+0x502ef]
V  [jvm.dll+0x509ca]
V  [jvm.dll+0x51c10]
V  [jvm.dll+0x4e67a]
V  [jvm.dll+0x39b37]
V  [jvm.dll+0x3b526]
V  [jvm.dll+0x502ef]
V  [jvm.dll+0x509ca]
V  [jvm.dll+0x51c10]
V  [jvm.dll+0x4e67a]
V  [jvm.dll+0x39b37]
V  [jvm.dll+0x3b526]
V  [jvm.dll+0x502ef]
V  [jvm.dll+0x509ca]
V  [jvm.dll+0x51c10]
V  [jvm.dll+0x51c5a]
V  [jvm.dll+0xac9d8]
V  [jvm.dll+0x80942]
V  [jvm.dll+0x80a1d]
j  javax.imageio.spi.IIORegistry.<clinit>()V+14
v  ~StubRoutines::call_stub
V  [jvm.dll+0x15a895]
V  [jvm.dll+0x220bfe]
V  [jvm.dll+0x15a92e]
V  [jvm.dll+0xbfecb]
V  [jvm.dll+0xc1097]
V  [jvm.dll+0xc11e8]
V  [jvm.dll+0x84d96]
V  [jvm.dll+0x85d92]
V  [jvm.dll+0x81347]
j  javax.imageio.ImageIO.<clinit>()V+0
v  ~StubRoutines::call_stub
V  [jvm.dll+0x15a895]
V  [jvm.dll+0x220bfe]
V  [jvm.dll+0x15a92e]
V  [jvm.dll+0xbfecb]
V  [jvm.dll+0xc1097]
V  [jvm.dll+0xc11e8]
V  [jvm.dll+0x84d96]
V  [jvm.dll+0x85d92]
V  [jvm.dll+0x81347]
j  com.android.builder.png.VectorDrawableRenderer.generateFile(Ljava/io/File;Ljava/io/File;)V+149
j  com.android.ide.common.res2.MergedResourceWriter.lambda$addItem$2(Lcom/android/ide/common/res2/ResourceItem;Lcom/android/ide/common/res2/DataFile$FileType;)Ljava/lang/Void;+33
j  com.android.ide.common.res2.MergedResourceWriter$$Lambda$163.call()Ljava/lang/Object;+12
j  java.util.concurrent.FutureTask.run()V+42
J 4351 C1 java.util.concurrent.Executors$RunnableAdapter.call()Ljava/lang/Object; (14 bytes) @ 0x02abe640 [0x02abe610+0x30]
j  java.util.concurrent.FutureTask.run()V+42
J 4396 C1 java.util.concurrent.ThreadPoolExecutor.runWorker(Ljava/util/concurrent/ThreadPoolExecutor$Worker;)V (225 bytes) @ 0x02b8b8e0 [0x02b8b6e0+0x200]
j  java.util.concurrent.ThreadPoolExecutor$Worker.run()V+5
j  java.lang.Thread.run()V+11
v  ~StubRoutines::call_stub
V  [jvm.dll+0x15a895]
V  [jvm.dll+0x220bfe]
V  [jvm.dll+0x15a92e]
V  [jvm.dll+0x15aab6]
V  [jvm.dll+0x15ab27]
V  [jvm.dll+0xfef8f]
V  [jvm.dll+0x17d6f0]
V  [jvm.dll+0x17df6a]
V  [jvm.dll+0x1c29c6]
C  [msvcr100.dll+0x5c556]
C  [msvcr100.dll+0x5c600]
C  [KERNEL32.DLL+0x1919f]
C  [ntdll.dll+0x4a8cb]
C  [ntdll.dll+0x4a8a1]
C  0x00000000

Java frames: (J=compiled Java code, j=interpreted, Vv=VM code)
j  javax.imageio.spi.IIORegistry.<clinit>()V+14
v  ~StubRoutines::call_stub
j  javax.imageio.ImageIO.<clinit>()V+0
v  ~StubRoutines::call_stub
j  com.android.builder.png.VectorDrawableRenderer.generateFile(Ljava/io/File;Ljava/io/File;)V+149
j  com.android.ide.common.res2.MergedResourceWriter.lambda$addItem$2(Lcom/android/ide/common/res2/ResourceItem;Lcom/android/ide/common/res2/DataFile$FileType;)Ljava/lang/Void;+33
j  com.android.ide.common.res2.MergedResourceWriter$$Lambda$163.call()Ljava/lang/Object;+12
j  java.util.concurrent.FutureTask.run()V+42
J 4351 C1 java.util.concurrent.Executors$RunnableAdapter.call()Ljava/lang/Object; (14 bytes) @ 0x02abe640 [0x02abe610+0x30]
j  java.util.concurrent.FutureTask.run()V+42
J 4396 C1 java.util.concurrent.ThreadPoolExecutor.runWorker(Ljava/util/concurrent/ThreadPoolExecutor$Worker;)V (225 bytes) @ 0x02b8b8e0 [0x02b8b6e0+0x200]
j  java.util.concurrent.ThreadPoolExecutor$Worker.run()V+5
j  java.lang.Thread.run()V+11
v  ~StubRoutines::call_stub

---------------  P R O C E S S  ---------------

Java Threads: ( => current thread )
  0x67e47400 JavaThread "Java2D Disposer" daemon [_thread_blocked, id=5280, stack(0x6c0f0000,0x6c140000)]
  0x67e47000 JavaThread "pool-7-thread-4" [_thread_blocked, id=3848, stack(0x6bf60000,0x6bfb0000)]
=>0x67e49400 JavaThread "pool-7-thread-3" [_thread_in_vm, id=4860, stack(0x6bed0000,0x6bf20000)]
  0x67e48800 JavaThread "pool-7-thread-2" [_thread_blocked, id=4936, stack(0x6be40000,0x6be90000)]
  0x65fef000 JavaThread "pool-7-thread-1" [_thread_blocked, id=3400, stack(0x6bdb0000,0x6be00000)]
  0x65fee000 JavaThread "Stdin handler" [_thread_blocked, id=96, stack(0x67320000,0x67370000)]
  0x65fedc00 JavaThread "Asynchronous log dispatcher for org.gradle.launcher.daemon.server.DefaultDaemonConnection@412e96" [_thread_blocked, id=2780, stack(0x67290000,0x672e0000)]
  0x65fed400 JavaThread "Cancel handler" [_thread_blocked, id=2592, stack(0x67170000,0x671c0000)]
  0x65fed000 JavaThread "Handler for socket connection from /127.0.0.1:52665 to /127.0.0.1:55380" [_thread_in_native, id=5976, stack(0x670e0000,0x67130000)]
  0x65fee800 JavaThread "Daemon worker Thread 2" [_thread_blocked, id=5272, stack(0x67200000,0x67250000)]
  0x65fef400 JavaThread "Daemon Thread 2" [_thread_blocked, id=6108, stack(0x67050000,0x670a0000)]
  0x65fe9000 JavaThread "stdout" daemon [_thread_in_native, id=372, stack(0x6bb20000,0x6bb70000)]
  0x65fec800 JavaThread "stderr" daemon [_thread_in_native, id=4648, stack(0x6ba90000,0x6bae0000)]
  0x65febc00 JavaThread "stdout" daemon [_thread_in_native, id=592, stack(0x6ba00000,0x6ba50000)]
  0x65fec400 JavaThread "stdout" daemon [_thread_in_native, id=4592, stack(0x6b970000,0x6b9c0000)]
  0x65fe7c00 JavaThread "stdout" daemon [_thread_in_native, id=5152, stack(0x6b8e0000,0x6b930000)]
  0x65feb000 JavaThread "stdout" daemon [_thread_in_native, id=3864, stack(0x6b850000,0x6b8a0000)]
  0x65fea800 JavaThread "stderr" daemon [_thread_in_native, id=4312, stack(0x6b7c0000,0x6b810000)]
  0x65feb400 JavaThread "stderr" daemon [_thread_in_native, id=1260, stack(0x6b730000,0x6b780000)]
  0x65fe9800 JavaThread "stderr" daemon [_thread_in_native, id=4784, stack(0x6b5a0000,0x6b5f0000)]
  0x65fe8800 JavaThread "stderr" daemon [_thread_in_native, id=5408, stack(0x6b510000,0x6b560000)]
  0x65fe8400 JavaThread "png-cruncher_5" daemon [_thread_blocked, id=3448, stack(0x6b480000,0x6b4d0000)]
  0x65fea400 JavaThread "png-cruncher_4" daemon [_thread_blocked, id=1540, stack(0x6b3f0000,0x6b440000)]
  0x65fe9c00 JavaThread "png-cruncher_3" daemon [_thread_blocked, id=4924, stack(0x6b360000,0x6b3b0000)]
  0x67e46800 JavaThread "png-cruncher_2" daemon [_thread_blocked, id=5432, stack(0x6b2d0000,0x6b320000)]
  0x67e46400 JavaThread "png-cruncher_1" daemon [_thread_blocked, id=1932, stack(0x6b240000,0x6b290000)]
  0x65a89400 JavaThread "File lock request listener" [_thread_in_native, id=5876, stack(0x68780000,0x687d0000)]
  0x66220400 JavaThread "Incoming local TCP Connector on port 52665" [_thread_in_native, id=4844, stack(0x66ac0000,0x66b10000)]
  0x661b0c00 JavaThread "pool-1-thread-1" [_thread_blocked, id=5580, stack(0x66830000,0x66880000)]
  0x651b2800 JavaThread "Service Thread" daemon [_thread_blocked, id=6940, stack(0x65720000,0x65770000)]
  0x651b8400 JavaThread "C1 CompilerThread0" daemon [_thread_blocked, id=1816, stack(0x65690000,0x656e0000)]
  0x651b7400 JavaThread "Attach Listener" daemon [_thread_blocked, id=2764, stack(0x65600000,0x65650000)]
  0x651b5400 JavaThread "Signal Dispatcher" daemon [_thread_blocked, id=2308, stack(0x04780000,0x047d0000)]
  0x65199000 JavaThread "Finalizer" daemon [_thread_blocked, id=2744, stack(0x046f0000,0x04740000)]
  0x65183400 JavaThread "Reference Handler" daemon [_thread_blocked, id=5796, stack(0x025f0000,0x02640000)]
  0x0099b800 JavaThread "main" [_thread_blocked, id=5664, stack(0x00a60000,0x00ab0000)]

Other Threads:
  0x025ebc00 VMThread [stack: 0x00ce0000,0x00d30000] [id=5036]
  0x651dd800 WatcherThread [stack: 0x657b0000,0x65800000] [id=5856]

VM state:synchronizing (normal execution)

VM Mutex/Monitor currently owned by a thread:  ([mutex/lock_event])
[0x0099a748] Threads_lock - owner thread: 0x025ebc00

Heap:
 def new generation   total 28864K, used 7110K [0x04800000, 0x06750000, 0x24800000)
  eden space 25664K,  19% used [0x04800000, 0x04cd5740, 0x06110000)
  from space 3200K,  67% used [0x06430000, 0x0664c120, 0x06750000)
  to   space 3200K,   0% used [0x06110000, 0x06110000, 0x06430000)
 tenured generation   total 64048K, used 52171K [0x24800000, 0x2868c000, 0x64800000)
   the space 64048K,  81% used [0x24800000, 0x27af2c20, 0x27af2e00, 0x2868c000)
 Metaspace       used 38435K, capacity 39542K, committed 39552K, reserved 40320K

Card table byte_map: [0x64800000,0x64b10000] byte_map_base: 0x647dc000

Polling page: 0x00a30000

CodeCache: size=32768Kb used=6929Kb max_used=7022Kb free=25838Kb
 bounds [0x026f0000, 0x02de0000, 0x046f0000]
 total_blobs=3722 nmethods=3237 adapters=415
 compilation: enabled

Compilation events (10 events):
Event: 2680.820 Thread 0x651b8400 6957             sun.java2d.loops.GraphicsPrimitive::getUniqueID (5 bytes)
Event: 2680.820 Thread 0x651b8400 nmethod 6957 0x0297be88 code [0x0297bf80, 0x0297c000]
Event: 2680.823 Thread 0x651b8400 6958             sun.java2d.loops.GraphicsPrimitiveMgr$1::compare (39 bytes)
Event: 2680.824 Thread 0x651b8400 nmethod 6958 0x0297bb88 code [0x0297bc90, 0x0297bda0]
Event: 2680.829 Thread 0x651b8400 6959             sun.java2d.loops.SurfaceType::getUniqueID (5 bytes)
Event: 2680.829 Thread 0x651b8400 nmethod 6959 0x02d96548 code [0x02d96640, 0x02d966c0]
Event: 2680.829 Thread 0x651b8400 6960             sun.java2d.loops.GraphicsPrimitiveMgr$2::compare (39 bytes)
Event: 2680.829 Thread 0x651b8400 nmethod 6960 0x02d96248 code [0x02d96350, 0x02d96450]
Event: 2680.883 Thread 0x651b8400 6961             com.google.gson.stream.JsonReader::nextString (199 bytes)
Event: 2680.885 Thread 0x651b8400 nmethod 6961 0x02981488 code [0x02981650, 0x02981b04]

GC Heap History (10 events):
Event: 2666.330 GC heap before
{Heap before GC invocations=128 (full 8):
 def new generation   total 28864K, used 27273K [0x04800000, 0x06750000, 0x24800000)
  eden space 25664K, 100% used [0x04800000, 0x06110000, 0x06110000)
  from space 3200K,  50% used [0x06110000, 0x062a24c0, 0x06430000)
  to   space 3200K,   0% used [0x06430000, 0x06430000, 0x06750000)
 tenured generation   total 64048K, used 38427K [0x24800000, 0x2868c000, 0x64800000)
   the space 64048K,  59% used [0x24800000, 0x26d86cc8, 0x26d86e00, 0x2868c000)
 Metaspace       used 37465K, capacity 38535K, committed 38656K, reserved 39296K
Event: 2666.402 GC heap after
Heap after GC invocations=129 (full 8):
 def new generation   total 28864K, used 1103K [0x04800000, 0x06750000, 0x24800000)
  eden space 25664K,   0% used [0x04800000, 0x04800000, 0x06110000)
  from space 3200K,  34% used [0x06430000, 0x06543ce0, 0x06750000)
  to   space 3200K,   0% used [0x06110000, 0x06110000, 0x06430000)
 tenured generation   total 64048K, used 39284K [0x24800000, 0x2868c000, 0x64800000)
   the space 64048K,  61% used [0x24800000, 0x26e5d260, 0x26e5d400, 0x2868c000)
 Metaspace       used 37465K, capacity 38535K, committed 38656K, reserved 39296K
}
Event: 2667.060 GC heap before
{Heap before GC invocations=129 (full 8):
 def new generation   total 28864K, used 26767K [0x04800000, 0x06750000, 0x24800000)
  eden space 25664K, 100% used [0x04800000, 0x06110000, 0x06110000)
  from space 3200K,  34% used [0x06430000, 0x06543ce0, 0x06750000)
  to   space 3200K,   0% used [0x06110000, 0x06110000, 0x06430000)
 tenured generation   total 64048K, used 39284K [0x24800000, 0x2868c000, 0x64800000)
   the space 64048K,  61% used [0x24800000, 0x26e5d260, 0x26e5d400, 0x2868c000)
 Metaspace       used 37480K, capacity 38555K, committed 38656K, reserved 39296K
Event: 2667.073 GC heap after
Heap after GC invocations=130 (full 8):
 def new generation   total 28864K, used 2335K [0x04800000, 0x06750000, 0x24800000)
  eden space 25664K,   0% used [0x04800000, 0x04800000, 0x06110000)
  from space 3200K,  72% used [0x06110000, 0x06357d48, 0x06430000)
  to   space 3200K,   0% used [0x06430000, 0x06430000, 0x06750000)
 tenured generation   total 64048K, used 39284K [0x24800000, 0x2868c000, 0x64800000)
   the space 64048K,  61% used [0x24800000, 0x26e5d260, 0x26e5d400, 0x2868c000)
 Metaspace       used 37480K, capacity 38555K, committed 38656K, reserved 39296K
}
Event: 2669.129 GC heap before
{Heap before GC invocations=130 (full 8):
 def new generation   total 28864K, used 27999K [0x04800000, 0x06750000, 0x24800000)
  eden space 25664K, 100% used [0x04800000, 0x06110000, 0x06110000)
  from space 3200K,  72% used [0x06110000, 0x06357d48, 0x06430000)
  to   space 3200K,   0% used [0x06430000, 0x06430000, 0x06750000)
 tenured generation   total 64048K, used 39284K [0x24800000, 0x2868c000, 0x64800000)
   the space 64048K,  61% used [0x24800000, 0x26e5d260, 0x26e5d400, 0x2868c000)
 Metaspace       used 37493K, capacity 38575K, committed 38656K, reserved 39296K
Event: 2669.213 GC heap after
Heap after GC invocations=131 (full 8):
 def new generation   total 28864K, used 3200K [0x04800000, 0x06750000, 0x24800000)
  eden space 25664K,   0% used [0x04800000, 0x04800000, 0x06110000)
  from space 3200K, 100% used [0x06430000, 0x06750000, 0x06750000)
  to   space 3200K,   0% used [0x06110000, 0x06110000, 0x06430000)
 tenured generation   total 64048K, used 44117K [0x24800000, 0x2868c000, 0x64800000)
   the space 64048K,  68% used [0x24800000, 0x27315708, 0x27315800, 0x2868c000)
 Metaspace       used 37493K, capacity 38575K, committed 38656K, reserved 39296K
}
Event: 2672.558 GC heap before
{Heap before GC invocations=131 (full 8):
 def new generation   total 28864K, used 28864K [0x04800000, 0x06750000, 0x24800000)
  eden space 25664K, 100% used [0x04800000, 0x06110000, 0x06110000)
  from space 3200K, 100% used [0x06430000, 0x06750000, 0x06750000)
  to   space 3200K,   0% used [0x06110000, 0x06110000, 0x06430000)
 tenured generation   total 64048K, used 44117K [0x24800000, 0x2868c000, 0x64800000)
   the space 64048K,  68% used [0x24800000, 0x27315708, 0x27315800, 0x2868c000)
 Metaspace       used 37493K, capacity 38575K, committed 38656K, reserved 39296K
Event: 2672.730 GC heap after
Heap after GC invocations=132 (full 8):
 def new generation   total 28864K, used 3200K [0x04800000, 0x06750000, 0x24800000)
  eden space 25664K,   0% used [0x04800000, 0x04800000, 0x06110000)
  from space 3200K, 100% used [0x06110000, 0x06430000, 0x06430000)
  to   space 3200K,   0% used [0x06430000, 0x06430000, 0x06750000)
 tenured generation   total 64048K, used 49054K [0x24800000, 0x2868c000, 0x64800000)
   the space 64048K,  76% used [0x24800000, 0x277e7ab8, 0x277e7c00, 0x2868c000)
 Metaspace       used 37493K, capacity 38575K, committed 38656K, reserved 39296K
}
Event: 2678.853 GC heap before
{Heap before GC invocations=132 (full 8):
 def new generation   total 28864K, used 28864K [0x04800000, 0x06750000, 0x24800000)
  eden space 25664K, 100% used [0x04800000, 0x06110000, 0x06110000)
  from space 3200K, 100% used [0x06110000, 0x06430000, 0x06430000)
  to   space 3200K,   0% used [0x06430000, 0x06430000, 0x06750000)
 tenured generation   total 64048K, used 49054K [0x24800000, 0x2868c000, 0x64800000)
   the space 64048K,  76% used [0x24800000, 0x277e7ab8, 0x277e7c00, 0x2868c000)
 Metaspace       used 38220K, capacity 39286K, committed 39296K, reserved 39296K
Event: 2679.810 GC heap after
Heap after GC invocations=133 (full 8):
 def new generation   total 28864K, used 2160K [0x04800000, 0x06750000, 0x24800000)
  eden space 25664K,   0% used [0x04800000, 0x04800000, 0x06110000)
  from space 3200K,  67% used [0x06430000, 0x0664c120, 0x06750000)
  to   space 3200K,   0% used [0x06110000, 0x06110000, 0x06430000)
 tenured generation   total 64048K, used 52171K [0x24800000, 0x2868c000, 0x64800000)
   the space 64048K,  81% used [0x24800000, 0x27af2c20, 0x27af2e00, 0x2868c000)
 Metaspace       used 38220K, capacity 39286K, committed 39296K, reserved 39296K
}

Deoptimization events (0 events):
No events

Internal exceptions (10 events):
Event: 2666.979 Thread 0x65fee800 Exception <a 'java/lang/ArrayIndexOutOfBoundsException'> (0x05bf3080) thrown at [C:\re\workspace\8-2-build-windows-i586-cygwin\jdk8u111\7883\hotspot\src\share\vm\runtime\sharedRuntime.cpp, line 605]
Event: 2667.116 Thread 0x65fee800 Exception <a 'java/lang/ArrayIndexOutOfBoundsException'> (0x049c2de0) thrown at [C:\re\workspace\8-2-build-windows-i586-cygwin\jdk8u111\7883\hotspot\src\share\vm\runtime\sharedRuntime.cpp, line 605]
Event: 2667.121 Thread 0x65fee800 Exception <a 'java/lang/ArrayIndexOutOfBoundsException'> (0x049e51c0) thrown at [C:\re\workspace\8-2-build-windows-i586-cygwin\jdk8u111\7883\hotspot\src\share\vm\runtime\sharedRuntime.cpp, line 605]
Event: 2667.246 Thread 0x65fee800 Exception <a 'java/lang/NoSuchMethodError': <clinit>> (0x04bc8418) thrown at [C:\re\workspace\8-2-build-windows-i586-cygwin\jdk8u111\7883\hotspot\src\share\vm\prims\jni.cpp, line 1613]
Event: 2667.247 Thread 0x65fee800 Exception <a 'java/lang/NoSuchMethodError': <clinit>> (0x04bd46f0) thrown at [C:\re\workspace\8-2-build-windows-i586-cygwin\jdk8u111\7883\hotspot\src\share\vm\prims\jni.cpp, line 1613]
Event: 2667.271 Thread 0x65fee800 Exception <a 'java/lang/NoSuchMethodError': <clinit>> (0x04be6c70) thrown at [C:\re\workspace\8-2-build-windows-i586-cygwin\jdk8u111\7883\hotspot\src\share\vm\prims\jni.cpp, line 1613]
Event: 2667.273 Thread 0x65fee800 Exception <a 'java/lang/NoSuchMethodError': <clinit>> (0x04bfe5e8) thrown at [C:\re\workspace\8-2-build-windows-i586-cygwin\jdk8u111\7883\hotspot\src\share\vm\prims\jni.cpp, line 1613]
Event: 2667.273 Thread 0x65fee800 Exception <a 'java/lang/NoSuchMethodError': <clinit>> (0x04bff8e0) thrown at [C:\re\workspace\8-2-build-windows-i586-cygwin\jdk8u111\7883\hotspot\src\share\vm\prims\jni.cpp, line 1613]
Event: 2676.192 Thread 0x65fef000 Exception <a 'java/io/FileNotFoundException'> (0x052d8548) thrown at [C:\re\workspace\8-2-build-windows-i586-cygwin\jdk8u111\7883\hotspot\src\share\vm\prims\jni.cpp, line 709]
Event: 2678.387 Thread 0x67e48800 Exception <a 'java/io/FileNotFoundException'> (0x05f57960) thrown at [C:\re\workspace\8-2-build-windows-i586-cygwin\jdk8u111\7883\hotspot\src\share\vm\prims\jni.cpp, line 709]

Events (10 events):
Event: 2681.938 Executing VM operation: BulkRevokeBias done
Event: 2681.940 loading class javax/imageio/ImageIO
Event: 2682.023 loading class javax/imageio/ImageIO done
Event: 2682.024 loading class javax/imageio/spi/IIORegistry
Event: 2682.025 loading class javax/imageio/spi/ServiceRegistry
Event: 2682.039 loading class javax/imageio/spi/ServiceRegistry done
Event: 2682.039 loading class javax/imageio/spi/IIORegistry done
Event: 2682.039 loading class javax/imageio/spi/ImageReaderSpi
Event: 2682.040 loading class javax/imageio/spi/ImageReaderWriterSpi
Event: 2682.040 loading class javax/imageio/spi/IIOServiceProvider


Dynamic libraries:
0x00d90000 - 0x00dc3000 	C:\Program Files (x86)\Java\jdk1.8.0_111\bin\java.exe
0x77350000 - 0x774b8000 	C:\Windows\SYSTEM32\ntdll.dll
0x766b0000 - 0x767f0000 	C:\Windows\SYSTEM32\KERNEL32.DLL
0x760e0000 - 0x761af000 	C:\Windows\SYSTEM32\KERNELBASE.dll
0x72130000 - 0x721c9000 	C:\Windows\system32\apphelp.dll
0x711e0000 - 0x71439000 	C:\Windows\AppPatch\AcGenral.DLL
0x765f0000 - 0x766ae000 	C:\Windows\SYSTEM32\msvcrt.dll
0x76280000 - 0x762be000 	C:\Windows\SYSTEM32\sechost.dll
0x74d80000 - 0x74d9d000 	C:\Windows\SYSTEM32\SspiCli.dll
0x76aa0000 - 0x76ae1000 	C:\Windows\SYSTEM32\SHLWAPI.dll
0x72230000 - 0x7230b000 	C:\Windows\SYSTEM32\UxTheme.dll
0x76940000 - 0x76a8f000 	C:\Windows\SYSTEM32\USER32.dll
0x76e60000 - 0x76f68000 	C:\Windows\SYSTEM32\GDI32.dll
0x72210000 - 0x72230000 	C:\Windows\SYSTEM32\WINMM.dll
0x72110000 - 0x72122000 	C:\Windows\SYSTEM32\samcli.dll
0x74da0000 - 0x74eac000 	C:\Windows\SYSTEM32\ole32.dll
0x76560000 - 0x765e7000 	C:\Windows\SYSTEM32\OLEAUT32.dll
0x720d0000 - 0x720e5000 	C:\Windows\SYSTEM32\MSACM32.dll
0x74a30000 - 0x74a38000 	C:\Windows\SYSTEM32\VERSION.dll
0x74f30000 - 0x760dd000 	C:\Windows\SYSTEM32\SHELL32.dll
0x71bc0000 - 0x71bd9000 	C:\Windows\SYSTEM32\USERENV.dll
0x71b10000 - 0x71b28000 	C:\Windows\SYSTEM32\dwmapi.dll
0x71610000 - 0x71732000 	C:\Windows\SYSTEM32\urlmon.dll
0x76420000 - 0x76498000 	C:\Windows\SYSTEM32\ADVAPI32.dll
0x71b50000 - 0x71bae000 	C:\Windows\SYSTEM32\WINSPOOL.DRV
0x720b0000 - 0x720c4000 	C:\Windows\SYSTEM32\MPR.dll
0x76d50000 - 0x76e01000 	C:\Windows\SYSTEM32\RPCRT4.dll
0x74d70000 - 0x74d79000 	C:\Windows\SYSTEM32\CRYPTBASE.dll
0x767f0000 - 0x7693e000 	C:\Windows\SYSTEM32\combase.dll
0x72090000 - 0x720b0000 	C:\Windows\SYSTEM32\WINMMBASE.dll
0x720f0000 - 0x720fe000 	C:\Windows\SYSTEM32\profapi.dll
0x71da0000 - 0x71fb9000 	C:\Windows\SYSTEM32\iertutil.dll
0x71be0000 - 0x71d9d000 	C:\Windows\SYSTEM32\WININET.dll
0x74d10000 - 0x74d63000 	C:\Windows\SYSTEM32\bcryptPrimitives.dll
0x761b0000 - 0x761ea000 	C:\Windows\SYSTEM32\cfgmgr32.dll
0x72580000 - 0x7259f000 	C:\Windows\SYSTEM32\DEVOBJ.dll
0x72310000 - 0x72386000 	C:\Windows\SYSTEM32\SHCORE.DLL
0x76250000 - 0x76275000 	C:\Windows\system32\IMM32.DLL
0x76310000 - 0x76407000 	C:\Windows\SYSTEM32\MSCTF.dll
0x72390000 - 0x72576000 	C:\Windows\WinSxS\x86_microsoft.windows.common-controls_6595b64144ccf1df_6.0.9600.17031_none_a9efdb8b01377ea7\COMCTL32.dll
0x71fd0000 - 0x7208f000 	C:\Program Files (x86)\Java\jdk1.8.0_111\jre\bin\msvcr100.dll
0x70e10000 - 0x711dd000 	C:\Program Files (x86)\Java\jdk1.8.0_111\jre\bin\client\jvm.dll
0x72100000 - 0x72108000 	C:\Windows\SYSTEM32\WSOCK32.dll
0x76410000 - 0x76416000 	C:\Windows\SYSTEM32\PSAPI.DLL
0x762c0000 - 0x7630d000 	C:\Windows\SYSTEM32\WS2_32.dll
0x76b30000 - 0x76b37000 	C:\Windows\SYSTEM32\NSI.dll
0x71fc0000 - 0x71fcc000 	C:\Program Files (x86)\Java\jdk1.8.0_111\jre\bin\verify.dll
0x71ae0000 - 0x71b01000 	C:\Program Files (x86)\Java\jdk1.8.0_111\jre\bin\java.dll
0x71ac0000 - 0x71ad3000 	C:\Program Files (x86)\Java\jdk1.8.0_111\jre\bin\zip.dll
0x71aa0000 - 0x71ab6000 	C:\Program Files (x86)\Java\jdk1.8.0_111\jre\bin\net.dll
0x74b90000 - 0x74bd5000 	C:\Windows\system32\mswsock.dll
0x71bb0000 - 0x71bbf000 	C:\Program Files (x86)\Java\jdk1.8.0_111\jre\bin\nio.dll
0x71a90000 - 0x71a9e000 	C:\Users\Olayinka_Peter\.gradle\native\19\windows-i386\native-platform.dll
0x73120000 - 0x73138000 	C:\Windows\SYSTEM32\CRYPTSP.dll
0x730f0000 - 0x7311f000 	C:\Windows\system32\rsaenh.dll
0x730d0000 - 0x730ed000 	C:\Windows\SYSTEM32\bcrypt.dll
0x74cf0000 - 0x74d0e000 	C:\Windows\SYSTEM32\IPHLPAPI.DLL
0x74c80000 - 0x74c88000 	C:\Windows\SYSTEM32\WINNSI.DLL
0x74b50000 - 0x74b62000 	C:\Windows\SYSTEM32\dhcpcsvc6.DLL
0x74b70000 - 0x74b83000 	C:\Windows\SYSTEM32\dhcpcsvc.DLL
0x71a80000 - 0x71a8a000 	C:\Program Files (x86)\Java\jdk1.8.0_111\jre\bin\management.dll
0x703d0000 - 0x703f0000 	C:\Program Files (x86)\Java\jdk1.8.0_111\jre\bin\sunec.dll
0x74ad0000 - 0x74b4c000 	C:\Windows\SYSTEM32\DNSAPI.dll
0x715e0000 - 0x715e7000 	C:\Windows\System32\rasadhlp.dll
0x70ba0000 - 0x70be4000 	C:\Windows\System32\fwpuclnt.dll
0x71590000 - 0x71599000 	C:\Program Files (x86)\Java\jdk1.8.0_111\jre\bin\sunmscapi.dll
0x76bd0000 - 0x76d4f000 	C:\Windows\SYSTEM32\CRYPT32.dll
0x764a0000 - 0x764ae000 	C:\Windows\SYSTEM32\MSASN1.dll
0x70280000 - 0x703c6000 	C:\Program Files (x86)\Java\jdk1.8.0_111\jre\bin\awt.dll
0x70250000 - 0x70274000 	C:\Program Files (x86)\Java\jdk1.8.0_111\jre\bin\dcpr.dll
0x71440000 - 0x71588000 	C:\Windows\SYSTEM32\dbghelp.dll

VM Arguments:
jvm_args: -Xmx1536m -Dfile.encoding=windows-1252 -Duser.country=US -Duser.language=en -Duser.variant 
java_command: org.gradle.launcher.daemon.bootstrap.GradleDaemon 2.14.1
java_class_path (initial): C:\Program Files\Android\Android Studio\gradle\gradle-2.14.1\lib\gradle-launcher-2.14.1.jar
Launcher Type: SUN_STANDARD

Environment Variables:
PATH=C:\ProgramData\Oracle\Java\javapath;C:\Windows\system32;C:\Windows;C:\Windows\System32\Wbem;C:\Windows\System32\WindowsPowerShell\v1.0\;C:\Program Files (x86)\Windows Kits\10\Windows Performance Toolkit\;C:\Program Files\Microsoft SQL Server\130\Tools\Binn\;C:\Program Files\dotnet\;C:\Program Files\Git\cmd
USERNAME=Olayinka_Peter
OS=Windows_NT
PROCESSOR_IDENTIFIER=Intel64 Family 6 Model 37 Stepping 5, GenuineIntel



---------------  S Y S T E M  ---------------

OS: Windows 8.1 , 64 bit Build 9600 (6.3.9600.17031)

CPU:total 4 (2 cores per cpu, 2 threads per core) family 6 model 37 stepping 5, cmov, cx8, fxsr, mmx, sse, sse2, sse3, ssse3, sse4.1, sse4.2, popcnt, ht, tsc, tscinvbit

Memory: 4k page, physical 3987308k(244036k free), swap 8050540k(1636224k free)

vm_info: Java HotSpot(TM) Client VM (25.111-b14) for windows-x86 JRE (1.8.0_111-b14), built on Sep 22 2016 18:54:33 by "java_re" with MS VC++ 10.0 (VS2010)

time: Sun Mar 05 01:24:16 2017
elapsed time: 2683 seconds (0d 0h 44m 43s)

