#
# A fatal error has been detected by the Java Runtime Environment:
#
#  EXCEPTION_ACCESS_VIOLATION (0xc0000005) at pc=0x714bb599, pid=1740, tid=0x000005bc
#
# JRE version: Java(TM) SE Runtime Environment (8.0_111-b14) (build 1.8.0_111-b14)
# Java VM: Java HotSpot(TM) Client VM (25.111-b14 mixed mode windows-x86 )
# Problematic frame:
# V  [jvm.dll+0xab599]
#
# Failed to write core dump. Minidumps are not enabled by default on client versions of Windows
#
# If you would like to submit a bug report, please visit:
#   http://bugreport.java.com/bugreport/crash.jsp
#

---------------  T H R E A D  ---------------

Current thread (0x6803c000):  JavaThread "pool-4-thread-1" [_thread_in_vm, id=1468, stack(0x6aa10000,0x6aa60000)]

siginfo: ExceptionCode=0xc0000005, reading address 0x0000000c

Registers:
EAX=0x00000000, EBX=0x6803c000, ECX=0x00000000, EDX=0x6aca86ff
ESP=0x6aa5d85c, EBP=0x6aa5d85c, ESI=0x00000420, EDI=0x6aa5dc74
EIP=0x714bb599, EFLAGS=0x00010202

Top of Stack: (sp=0x6aa5d85c)
0x6aa5d85c:   6aa5d890 714466bc 00000000 6803c000
0x6aa5d86c:   6aa5dc74 00000000 6aa5d884 67cc3838
0x6aa5d87c:   6aa5d89c 715cd1da 6aa5d894 6803c000
0x6aa5d88c:   698a6960 6aa5da74 714499c1 00000001
0x6aa5d89c:   00000000 67f33858 6aa5d9ec 00000000
0x6aa5d8ac:   020c08f0 67fcee50 6803c000 67f62a80
0x6aa5d8bc:   717f014e 68049e80 000001c4 0000002a
0x6aa5d8cc:   67c454e0 00000064 00000000 00000000 

Instructions: (pc=0x714bb599)
0x714bb579:   cc cc cc cc cc cc cc 55 8b ec 8b 45 08 8b 4c 81
0x714bb589:   2c 89 4d 08 8b 45 08 8a d0 f6 d2 f6 c2 01 74 07
0x714bb599:   8b 40 0c 5d c2 04 00 83 e0 fe 5d c2 04 00 cc cc
0x714bb5a9:   cc cc cc cc cc cc cc 55 8b ec 8b 45 0c 8b 4c 81 


Register to memory mapping:

EAX=0x00000000 is an unknown value
EBX=0x6803c000 is a thread
ECX=0x00000000 is an unknown value
EDX=0x6aca86ff is pointing into metadata
ESP=0x6aa5d85c is pointing into the stack for thread: 0x6803c000
EBP=0x6aa5d85c is pointing into the stack for thread: 0x6803c000
ESI=0x00000420 is an unknown value
EDI=0x6aa5dc74 is pointing into the stack for thread: 0x6803c000


Stack: [0x6aa10000,0x6aa60000],  sp=0x6aa5d85c,  free space=310k
Native frames: (J=compiled Java code, j=interpreted, Vv=VM code, C=native code)
V  [jvm.dll+0xab599]
V  [jvm.dll+0x366bc]
V  [jvm.dll+0x399c1]
V  [jvm.dll+0x3b526]
V  [jvm.dll+0x502ef]
V  [jvm.dll+0x509ca]
V  [jvm.dll+0x51c10]
V  [jvm.dll+0x4e67a]
V  [jvm.dll+0x39b37]
V  [jvm.dll+0x3b526]
V  [jvm.dll+0x502ef]
V  [jvm.dll+0x509ca]
V  [jvm.dll+0x51c10]
V  [jvm.dll+0x4e67a]
V  [jvm.dll+0x39b37]
V  [jvm.dll+0x3b526]
V  [jvm.dll+0x502ef]
V  [jvm.dll+0x509ca]
V  [jvm.dll+0x51c10]
V  [jvm.dll+0x51c5a]
V  [jvm.dll+0xac9d8]
V  [jvm.dll+0x80942]
V  [jvm.dll+0x80a1d]
j  javax.imageio.spi.IIORegistry.<clinit>()V+14
v  ~StubRoutines::call_stub
V  [jvm.dll+0x15a895]
V  [jvm.dll+0x220bfe]
V  [jvm.dll+0x15a92e]
V  [jvm.dll+0xbfecb]
V  [jvm.dll+0xc1097]
V  [jvm.dll+0xc11e8]
V  [jvm.dll+0x84d96]
V  [jvm.dll+0x85d92]
V  [jvm.dll+0x81347]
j  javax.imageio.ImageIO.<clinit>()V+0
v  ~StubRoutines::call_stub
V  [jvm.dll+0x15a895]
V  [jvm.dll+0x220bfe]
V  [jvm.dll+0x15a92e]
V  [jvm.dll+0xbfecb]
V  [jvm.dll+0xc1097]
V  [jvm.dll+0xc11e8]
V  [jvm.dll+0x84d96]
V  [jvm.dll+0x85d92]
V  [jvm.dll+0x81347]
j  com.android.builder.png.VectorDrawableRenderer.generateFile(Ljava/io/File;Ljava/io/File;)V+149
j  com.android.ide.common.res2.MergedResourceWriter.lambda$addItem$2(Lcom/android/ide/common/res2/ResourceItem;Lcom/android/ide/common/res2/DataFile$FileType;)Ljava/lang/Void;+33
j  com.android.ide.common.res2.MergedResourceWriter$$Lambda$163.call()Ljava/lang/Object;+12
j  java.util.concurrent.FutureTask.run()V+42
j  java.util.concurrent.Executors$RunnableAdapter.call()Ljava/lang/Object;+4
j  java.util.concurrent.FutureTask.run()V+42
j  java.util.concurrent.ThreadPoolExecutor.runWorker(Ljava/util/concurrent/ThreadPoolExecutor$Worker;)V+95
j  java.util.concurrent.ThreadPoolExecutor$Worker.run()V+5
j  java.lang.Thread.run()V+11
v  ~StubRoutines::call_stub
V  [jvm.dll+0x15a895]
V  [jvm.dll+0x220bfe]
V  [jvm.dll+0x15a92e]
V  [jvm.dll+0x15aab6]
V  [jvm.dll+0x15ab27]
V  [jvm.dll+0xfef8f]
V  [jvm.dll+0x17d6f0]
V  [jvm.dll+0x17df6a]
V  [jvm.dll+0x1c29c6]
C  [msvcr100.dll+0x5c556]
C  [msvcr100.dll+0x5c600]
C  [KERNEL32.DLL+0x1919f]
C  [ntdll.dll+0x4a8cb]
C  [ntdll.dll+0x4a8a1]
C  0x00000000

Java frames: (J=compiled Java code, j=interpreted, Vv=VM code)
j  javax.imageio.spi.IIORegistry.<clinit>()V+14
v  ~StubRoutines::call_stub
j  javax.imageio.ImageIO.<clinit>()V+0
v  ~StubRoutines::call_stub
j  com.android.builder.png.VectorDrawableRenderer.generateFile(Ljava/io/File;Ljava/io/File;)V+149
j  com.android.ide.common.res2.MergedResourceWriter.lambda$addItem$2(Lcom/android/ide/common/res2/ResourceItem;Lcom/android/ide/common/res2/DataFile$FileType;)Ljava/lang/Void;+33
j  com.android.ide.common.res2.MergedResourceWriter$$Lambda$163.call()Ljava/lang/Object;+12
j  java.util.concurrent.FutureTask.run()V+42
j  java.util.concurrent.Executors$RunnableAdapter.call()Ljava/lang/Object;+4
j  java.util.concurrent.FutureTask.run()V+42
j  java.util.concurrent.ThreadPoolExecutor.runWorker(Ljava/util/concurrent/ThreadPoolExecutor$Worker;)V+95
j  java.util.concurrent.ThreadPoolExecutor$Worker.run()V+5
j  java.lang.Thread.run()V+11
v  ~StubRoutines::call_stub

---------------  P R O C E S S  ---------------

Java Threads: ( => current thread )
  0x6803d400 JavaThread "Java2D Disposer" daemon [_thread_blocked, id=3916, stack(0x6ae50000,0x6aea0000)]
  0x6803c800 JavaThread "pool-4-thread-4" [_thread_blocked, id=2944, stack(0x6abc0000,0x6ac10000)]
  0x6803dc00 JavaThread "pool-4-thread-3" [_thread_blocked, id=1728, stack(0x6ab30000,0x6ab80000)]
  0x6803b000 JavaThread "pool-4-thread-2" [_thread_blocked, id=2836, stack(0x6aaa0000,0x6aaf0000)]
=>0x6803c000 JavaThread "pool-4-thread-1" [_thread_in_vm, id=1468, stack(0x6aa10000,0x6aa60000)]
  0x6803d000 JavaThread "Stdin handler" [_thread_blocked, id=1116, stack(0x66e30000,0x66e80000)]
  0x6803bc00 JavaThread "Asynchronous log dispatcher for org.gradle.launcher.daemon.server.DefaultDaemonConnection@1287d22" [_thread_blocked, id=2136, stack(0x66da0000,0x66df0000)]
  0x6803b400 JavaThread "Cancel handler" [_thread_blocked, id=3636, stack(0x66c80000,0x66cd0000)]
  0x6803e800 JavaThread "Handler for socket connection from /127.0.0.1:49177 to /127.0.0.1:49183" [_thread_in_native, id=2628, stack(0x66bf0000,0x66c40000)]
  0x6601e400 JavaThread "File lock request listener" [_thread_in_native, id=3644, stack(0x68290000,0x682e0000)]
  0x65e3ac00 JavaThread "Daemon worker" [_thread_in_native, id=2792, stack(0x66d10000,0x66d60000)]
  0x65df9000 JavaThread "Daemon" [_thread_blocked, id=2500, stack(0x66b60000,0x66bb0000)]
  0x65cf9c00 JavaThread "Incoming local TCP Connector on port 49177" [_thread_in_native, id=1384, stack(0x665d0000,0x66620000)]
  0x65d30000 JavaThread "pool-1-thread-1" [_thread_blocked, id=2524, stack(0x66340000,0x66390000)]
  0x64baf800 JavaThread "Service Thread" daemon [_thread_blocked, id=3500, stack(0x65200000,0x65250000)]
  0x64bb8400 JavaThread "C1 CompilerThread0" daemon [_thread_blocked, id=1956, stack(0x65170000,0x651c0000)]
  0x64bb7400 JavaThread "Attach Listener" daemon [_thread_blocked, id=2592, stack(0x650e0000,0x65130000)]
  0x64bb5400 JavaThread "Signal Dispatcher" daemon [_thread_blocked, id=2116, stack(0x65050000,0x650a0000)]
  0x64b99000 JavaThread "Finalizer" daemon [_thread_blocked, id=2488, stack(0x64d80000,0x64dd0000)]
  0x64b83400 JavaThread "Reference Handler" daemon [_thread_blocked, id=360, stack(0x02050000,0x020a0000)]
  0x020bb800 JavaThread "main" [_thread_blocked, id=2496, stack(0x00600000,0x00650000)]

Other Threads:
  0x021bbc00 VMThread [stack: 0x01fc0000,0x02010000] [id=784]
  0x64bb3c00 WatcherThread [stack: 0x65290000,0x652e0000] [id=2800]

VM state:not at safepoint (normal execution)

VM Mutex/Monitor currently owned by a thread: None

Heap:
 def new generation   total 26816K, used 21988K [0x04200000, 0x05f10000, 0x24200000)
  eden space 23872K,  79% used [0x04200000, 0x05499318, 0x05950000)
  from space 2944K, 100% used [0x05c30000, 0x05f10000, 0x05f10000)
  to   space 2944K,   0% used [0x05950000, 0x05950000, 0x05c30000)
 tenured generation   total 59380K, used 43880K [0x24200000, 0x27bfd000, 0x64200000)
   the space 59380K,  73% used [0x24200000, 0x26cda3b0, 0x26cda400, 0x27bfd000)
 Metaspace       used 33780K, capacity 34794K, committed 34816K, reserved 35200K

Card table byte_map: [0x64200000,0x64510000] byte_map_base: 0x641df000

Polling page: 0x005b0000

CodeCache: size=32768Kb used=6723Kb max_used=6783Kb free=26044Kb
 bounds [0x021c0000, 0x02868000, 0x041c0000]
 total_blobs=3874 nmethods=3401 adapters=403
 compilation: enabled

Compilation events (10 events):
Event: 62.071 Thread 0x64bb8400 3740             sun.java2d.loops.GraphicsPrimitiveMgr$1::compare (39 bytes)
Event: 62.071 Thread 0x64bb8400 nmethod 3740 0x022d7ec8 code [0x022d7fd0, 0x022d80e0]
Event: 62.073 Thread 0x64bb8400 3741             java.util.TimSort::mergeHi (732 bytes)
Event: 62.076 Thread 0x64bb8400 nmethod 3741 0x02861e48 code [0x02862060, 0x02863360]
Event: 62.076 Thread 0x64bb8400 3742             sun.java2d.loops.SurfaceType::getUniqueID (5 bytes)
Event: 62.076 Thread 0x64bb8400 nmethod 3742 0x022dcd48 code [0x022dce40, 0x022dcec0]
Event: 62.076 Thread 0x64bb8400 3743             sun.java2d.loops.GraphicsPrimitiveMgr$2::compare (39 bytes)
Event: 62.076 Thread 0x64bb8400 nmethod 3743 0x022dc508 code [0x022dc610, 0x022dc710]
Event: 62.304 Thread 0x64bb8400 3744             java.io.File::<init> (113 bytes)
Event: 62.305 Thread 0x64bb8400 nmethod 3744 0x022d8ac8 code [0x022d8c60, 0x022d9024]

GC Heap History (10 events):
Event: 52.905 GC heap before
{Heap before GC invocations=93 (full 5):
 def new generation   total 26816K, used 25471K [0x04200000, 0x05f10000, 0x24200000)
  eden space 23872K, 100% used [0x04200000, 0x05950000, 0x05950000)
  from space 2944K,  54% used [0x05950000, 0x05adfc48, 0x05c30000)
  to   space 2944K,   0% used [0x05c30000, 0x05c30000, 0x05f10000)
 tenured generation   total 59380K, used 35627K [0x24200000, 0x27bfd000, 0x64200000)
   the space 59380K,  59% used [0x24200000, 0x264caef0, 0x264cb000, 0x27bfd000)
 Metaspace       used 31002K, capacity 31999K, committed 32000K, reserved 32128K
Event: 52.914 GC heap after
Heap after GC invocations=94 (full 5):
 def new generation   total 26816K, used 738K [0x04200000, 0x05f10000, 0x24200000)
  eden space 23872K,   0% used [0x04200000, 0x04200000, 0x05950000)
  from space 2944K,  25% used [0x05c30000, 0x05ce8b98, 0x05f10000)
  to   space 2944K,   0% used [0x05950000, 0x05950000, 0x05c30000)
 tenured generation   total 59380K, used 36683K [0x24200000, 0x27bfd000, 0x64200000)
   the space 59380K,  61% used [0x24200000, 0x265d2d98, 0x265d2e00, 0x27bfd000)
 Metaspace       used 31002K, capacity 31999K, committed 32000K, reserved 32128K
}
Event: 53.973 GC heap before
{Heap before GC invocations=94 (full 5):
 def new generation   total 26816K, used 24610K [0x04200000, 0x05f10000, 0x24200000)
  eden space 23872K, 100% used [0x04200000, 0x05950000, 0x05950000)
  from space 2944K,  25% used [0x05c30000, 0x05ce8b98, 0x05f10000)
  to   space 2944K,   0% used [0x05950000, 0x05950000, 0x05c30000)
 tenured generation   total 59380K, used 36683K [0x24200000, 0x27bfd000, 0x64200000)
   the space 59380K,  61% used [0x24200000, 0x265d2d98, 0x265d2e00, 0x27bfd000)
 Metaspace       used 31021K, capacity 32016K, committed 32128K, reserved 32128K
Event: 53.992 GC heap after
Heap after GC invocations=95 (full 5):
 def new generation   total 26816K, used 2157K [0x04200000, 0x05f10000, 0x24200000)
  eden space 23872K,   0% used [0x04200000, 0x04200000, 0x05950000)
  from space 2944K,  73% used [0x05950000, 0x05b6b7e8, 0x05c30000)
  to   space 2944K,   0% used [0x05c30000, 0x05c30000, 0x05f10000)
 tenured generation   total 59380K, used 36683K [0x24200000, 0x27bfd000, 0x64200000)
   the space 59380K,  61% used [0x24200000, 0x265d2d98, 0x265d2e00, 0x27bfd000)
 Metaspace       used 31021K, capacity 32016K, committed 32128K, reserved 32128K
}
Event: 57.404 GC heap before
{Heap before GC invocations=95 (full 5):
 def new generation   total 26816K, used 26029K [0x04200000, 0x05f10000, 0x24200000)
  eden space 23872K, 100% used [0x04200000, 0x05950000, 0x05950000)
  from space 2944K,  73% used [0x05950000, 0x05b6b7e8, 0x05c30000)
  to   space 2944K,   0% used [0x05c30000, 0x05c30000, 0x05f10000)
 tenured generation   total 59380K, used 36683K [0x24200000, 0x27bfd000, 0x64200000)
   the space 59380K,  61% used [0x24200000, 0x265d2d98, 0x265d2e00, 0x27bfd000)
 Metaspace       used 32297K, capacity 33304K, committed 33408K, reserved 34176K
Event: 57.425 GC heap after
Heap after GC invocations=96 (full 5):
 def new generation   total 26816K, used 2486K [0x04200000, 0x05f10000, 0x24200000)
  eden space 23872K,   0% used [0x04200000, 0x04200000, 0x05950000)
  from space 2944K,  84% used [0x05c30000, 0x05e9db78, 0x05f10000)
  to   space 2944K,   0% used [0x05950000, 0x05950000, 0x05c30000)
 tenured generation   total 59380K, used 38717K [0x24200000, 0x27bfd000, 0x64200000)
   the space 59380K,  65% used [0x24200000, 0x267cf690, 0x267cf800, 0x27bfd000)
 Metaspace       used 32297K, capacity 33304K, committed 33408K, reserved 34176K
}
Event: 59.226 GC heap before
{Heap before GC invocations=96 (full 5):
 def new generation   total 26816K, used 26358K [0x04200000, 0x05f10000, 0x24200000)
  eden space 23872K, 100% used [0x04200000, 0x05950000, 0x05950000)
  from space 2944K,  84% used [0x05c30000, 0x05e9db78, 0x05f10000)
  to   space 2944K,   0% used [0x05950000, 0x05950000, 0x05c30000)
 tenured generation   total 59380K, used 38717K [0x24200000, 0x27bfd000, 0x64200000)
   the space 59380K,  65% used [0x24200000, 0x267cf690, 0x267cf800, 0x27bfd000)
 Metaspace       used 32633K, capacity 33627K, committed 33664K, reserved 34176K
Event: 59.253 GC heap after
Heap after GC invocations=97 (full 5):
 def new generation   total 26816K, used 2943K [0x04200000, 0x05f10000, 0x24200000)
  eden space 23872K,   0% used [0x04200000, 0x04200000, 0x05950000)
  from space 2944K,  99% used [0x05950000, 0x05c2ff20, 0x05c30000)
  to   space 2944K,   0% used [0x05c30000, 0x05c30000, 0x05f10000)
 tenured generation   total 59380K, used 40407K [0x24200000, 0x27bfd000, 0x64200000)
   the space 59380K,  68% used [0x24200000, 0x26975c20, 0x26975e00, 0x27bfd000)
 Metaspace       used 32633K, capacity 33627K, committed 33664K, reserved 34176K
}
Event: 59.850 GC heap before
{Heap before GC invocations=97 (full 5):
 def new generation   total 26816K, used 26815K [0x04200000, 0x05f10000, 0x24200000)
  eden space 23872K, 100% used [0x04200000, 0x05950000, 0x05950000)
  from space 2944K,  99% used [0x05950000, 0x05c2ff20, 0x05c30000)
  to   space 2944K,   0% used [0x05c30000, 0x05c30000, 0x05f10000)
 tenured generation   total 59380K, used 40407K [0x24200000, 0x27bfd000, 0x64200000)
   the space 59380K,  68% used [0x24200000, 0x26975c20, 0x26975e00, 0x27bfd000)
 Metaspace       used 32637K, capacity 33629K, committed 33664K, reserved 34176K
Event: 59.890 GC heap after
Heap after GC invocations=98 (full 5):
 def new generation   total 26816K, used 2944K [0x04200000, 0x05f10000, 0x24200000)
  eden space 23872K,   0% used [0x04200000, 0x04200000, 0x05950000)
  from space 2944K, 100% used [0x05c30000, 0x05f10000, 0x05f10000)
  to   space 2944K,   0% used [0x05950000, 0x05950000, 0x05c30000)
 tenured generation   total 59380K, used 43880K [0x24200000, 0x27bfd000, 0x64200000)
   the space 59380K,  73% used [0x24200000, 0x26cda3b0, 0x26cda400, 0x27bfd000)
 Metaspace       used 32637K, capacity 33629K, committed 33664K, reserved 34176K
}

Deoptimization events (0 events):
No events

Internal exceptions (10 events):
Event: 54.174 Thread 0x65e3ac00 Exception <a 'java/lang/ArrayIndexOutOfBoundsException'> (0x0455fb38) thrown at [C:\re\workspace\8-2-build-windows-i586-cygwin\jdk8u111\7883\hotspot\src\share\vm\runtime\sharedRuntime.cpp, line 605]
Event: 54.335 Thread 0x65e3ac00 Exception <a 'java/lang/ArrayIndexOutOfBoundsException'> (0x04c3c5b0) thrown at [C:\re\workspace\8-2-build-windows-i586-cygwin\jdk8u111\7883\hotspot\src\share\vm\runtime\sharedRuntime.cpp, line 605]
Event: 54.348 Thread 0x65e3ac00 Exception <a 'java/lang/ArrayIndexOutOfBoundsException'> (0x04c5e990) thrown at [C:\re\workspace\8-2-build-windows-i586-cygwin\jdk8u111\7883\hotspot\src\share\vm\runtime\sharedRuntime.cpp, line 605]
Event: 54.556 Thread 0x65e3ac00 Exception <a 'java/lang/NoSuchMethodError': <clinit>> (0x04ff8550) thrown at [C:\re\workspace\8-2-build-windows-i586-cygwin\jdk8u111\7883\hotspot\src\share\vm\prims\jni.cpp, line 1613]
Event: 54.557 Thread 0x65e3ac00 Exception <a 'java/lang/NoSuchMethodError': <clinit>> (0x05004930) thrown at [C:\re\workspace\8-2-build-windows-i586-cygwin\jdk8u111\7883\hotspot\src\share\vm\prims\jni.cpp, line 1613]
Event: 54.582 Thread 0x65e3ac00 Exception <a 'java/lang/NoSuchMethodError': <clinit>> (0x05105790) thrown at [C:\re\workspace\8-2-build-windows-i586-cygwin\jdk8u111\7883\hotspot\src\share\vm\prims\jni.cpp, line 1613]
Event: 54.584 Thread 0x65e3ac00 Exception <a 'java/lang/NoSuchMethodError': <clinit>> (0x0511cea0) thrown at [C:\re\workspace\8-2-build-windows-i586-cygwin\jdk8u111\7883\hotspot\src\share\vm\prims\jni.cpp, line 1613]
Event: 54.584 Thread 0x65e3ac00 Exception <a 'java/lang/NoSuchMethodError': <clinit>> (0x0511e230) thrown at [C:\re\workspace\8-2-build-windows-i586-cygwin\jdk8u111\7883\hotspot\src\share\vm\prims\jni.cpp, line 1613]
Event: 61.000 Thread 0x6803c800 Exception <a 'java/io/FileNotFoundException'> (0x04c2c3f0) thrown at [C:\re\workspace\8-2-build-windows-i586-cygwin\jdk8u111\7883\hotspot\src\share\vm\prims\jni.cpp, line 709]
Event: 61.678 Thread 0x6803c800 Exception <a 'java/io/FileNotFoundException'> (0x0520cc10) thrown at [C:\re\workspace\8-2-build-windows-i586-cygwin\jdk8u111\7883\hotspot\src\share\vm\prims\jni.cpp, line 709]

Events (10 events):
Event: 62.306 Thread 0x64bb8400 flushing nmethod 0x022eeb48
Event: 62.306 Thread 0x64bb8400 flushing nmethod 0x022eeec8
Event: 62.306 Thread 0x64bb8400 flushing nmethod 0x022ef108
Event: 62.306 Thread 0x64bb8400 flushing nmethod 0x022ef3c8
Event: 62.306 Thread 0x64bb8400 flushing nmethod 0x022efdc8
Event: 62.306 Thread 0x64bb8400 flushing nmethod 0x022eff88
Event: 62.306 Thread 0x64bb8400 flushing nmethod 0x022f0148
Event: 62.306 Thread 0x64bb8400 flushing nmethod 0x022f0308
Event: 62.306 Thread 0x64bb8400 flushing nmethod 0x022f09c8
Event: 62.306 Thread 0x64bb8400 flushing nmethod 0x022f1b48


Dynamic libraries:
0x00860000 - 0x00893000 	C:\Program Files (x86)\Java\jdk1.8.0_111\bin\java.exe
0x77ac0000 - 0x77c28000 	C:\Windows\SYSTEM32\ntdll.dll
0x75d40000 - 0x75e80000 	C:\Windows\SYSTEM32\KERNEL32.DLL
0x76090000 - 0x7615f000 	C:\Windows\SYSTEM32\KERNELBASE.dll
0x721d0000 - 0x72269000 	C:\Windows\system32\apphelp.dll
0x719d0000 - 0x71c29000 	C:\Windows\AppPatch\AcGenral.DLL
0x765d0000 - 0x7668e000 	C:\Windows\SYSTEM32\msvcrt.dll
0x75af0000 - 0x75b2e000 	C:\Windows\SYSTEM32\sechost.dll
0x754f0000 - 0x7550d000 	C:\Windows\SYSTEM32\SspiCli.dll
0x76220000 - 0x76261000 	C:\Windows\SYSTEM32\SHLWAPI.dll
0x727f0000 - 0x728cb000 	C:\Windows\SYSTEM32\UxTheme.dll
0x75810000 - 0x7595f000 	C:\Windows\SYSTEM32\USER32.dll
0x75670000 - 0x75778000 	C:\Windows\SYSTEM32\GDI32.dll
0x721b0000 - 0x721d0000 	C:\Windows\SYSTEM32\WINMM.dll
0x72190000 - 0x721a2000 	C:\Windows\SYSTEM32\samcli.dll
0x75520000 - 0x7562c000 	C:\Windows\SYSTEM32\ole32.dll
0x75780000 - 0x75807000 	C:\Windows\SYSTEM32\OLEAUT32.dll
0x72170000 - 0x72185000 	C:\Windows\SYSTEM32\MSACM32.dll
0x75220000 - 0x75228000 	C:\Windows\SYSTEM32\VERSION.dll
0x76690000 - 0x7783d000 	C:\Windows\SYSTEM32\SHELL32.dll
0x722e0000 - 0x722f9000 	C:\Windows\SYSTEM32\USERENV.dll
0x720d0000 - 0x720e8000 	C:\Windows\SYSTEM32\dwmapi.dll
0x718a0000 - 0x719c2000 	C:\Windows\SYSTEM32\urlmon.dll
0x77840000 - 0x778b8000 	C:\Windows\SYSTEM32\ADVAPI32.dll
0x72110000 - 0x7216e000 	C:\Windows\SYSTEM32\WINSPOOL.DRV
0x71d40000 - 0x71d54000 	C:\Windows\SYSTEM32\MPR.dll
0x76160000 - 0x76211000 	C:\Windows\SYSTEM32\RPCRT4.dll
0x754e0000 - 0x754e9000 	C:\Windows\SYSTEM32\CRYPTBASE.dll
0x75bf0000 - 0x75d3e000 	C:\Windows\SYSTEM32\combase.dll
0x71d20000 - 0x71d40000 	C:\Windows\SYSTEM32\WINMMBASE.dll
0x722d0000 - 0x722de000 	C:\Windows\SYSTEM32\profapi.dll
0x71eb0000 - 0x720c9000 	C:\Windows\SYSTEM32\iertutil.dll
0x72630000 - 0x727ed000 	C:\Windows\SYSTEM32\WININET.dll
0x75480000 - 0x754d3000 	C:\Windows\SYSTEM32\bcryptPrimitives.dll
0x75960000 - 0x7599a000 	C:\Windows\SYSTEM32\cfgmgr32.dll
0x72cf0000 - 0x72d0f000 	C:\Windows\SYSTEM32\DEVOBJ.dll
0x72c70000 - 0x72ce6000 	C:\Windows\SYSTEM32\SHCORE.DLL
0x779c0000 - 0x779e5000 	C:\Windows\system32\IMM32.DLL
0x778c0000 - 0x779b7000 	C:\Windows\SYSTEM32\MSCTF.dll
0x72a80000 - 0x72c66000 	C:\Windows\WinSxS\x86_microsoft.windows.common-controls_6595b64144ccf1df_6.0.9600.17031_none_a9efdb8b01377ea7\COMCTL32.dll
0x717e0000 - 0x7189f000 	C:\Program Files (x86)\Java\jdk1.8.0_111\jre\bin\msvcr100.dll
0x71410000 - 0x717dd000 	C:\Program Files (x86)\Java\jdk1.8.0_111\jre\bin\client\jvm.dll
0x71d10000 - 0x71d18000 	C:\Windows\SYSTEM32\WSOCK32.dll
0x75be0000 - 0x75be6000 	C:\Windows\SYSTEM32\PSAPI.DLL
0x759f0000 - 0x75a3d000 	C:\Windows\SYSTEM32\WS2_32.dll
0x75bd0000 - 0x75bd7000 	C:\Windows\SYSTEM32\NSI.dll
0x71d00000 - 0x71d0c000 	C:\Program Files (x86)\Java\jdk1.8.0_111\jre\bin\verify.dll
0x713e0000 - 0x71401000 	C:\Program Files (x86)\Java\jdk1.8.0_111\jre\bin\java.dll
0x713c0000 - 0x713d3000 	C:\Program Files (x86)\Java\jdk1.8.0_111\jre\bin\zip.dll
0x713a0000 - 0x713b6000 	C:\Program Files (x86)\Java\jdk1.8.0_111\jre\bin\net.dll
0x75360000 - 0x753a5000 	C:\Windows\system32\mswsock.dll
0x71cf0000 - 0x71cff000 	C:\Program Files (x86)\Java\jdk1.8.0_111\jre\bin\nio.dll
0x71390000 - 0x7139e000 	C:\Users\Olayinka_Peter\.gradle\native\19\windows-i386\native-platform.dll
0x73890000 - 0x738a8000 	C:\Windows\SYSTEM32\CRYPTSP.dll
0x73860000 - 0x7388f000 	C:\Windows\system32\rsaenh.dll
0x73840000 - 0x7385d000 	C:\Windows\SYSTEM32\bcrypt.dll
0x75460000 - 0x7547e000 	C:\Windows\SYSTEM32\IPHLPAPI.DLL
0x753f0000 - 0x753f8000 	C:\Windows\SYSTEM32\WINNSI.DLL
0x752c0000 - 0x752d2000 	C:\Windows\SYSTEM32\dhcpcsvc6.DLL
0x75340000 - 0x75353000 	C:\Windows\SYSTEM32\dhcpcsvc.DLL
0x71380000 - 0x7138a000 	C:\Program Files (x86)\Java\jdk1.8.0_111\jre\bin\management.dll
0x72930000 - 0x72a76000 	C:\Program Files (x86)\Java\jdk1.8.0_111\jre\bin\awt.dll
0x72900000 - 0x72924000 	C:\Program Files (x86)\Java\jdk1.8.0_111\jre\bin\dcpr.dll
0x71d60000 - 0x71ea8000 	C:\Windows\SYSTEM32\dbghelp.dll

VM Arguments:
jvm_args: -Xmx1536m -Dfile.encoding=windows-1252 -Duser.country=US -Duser.language=en -Duser.variant 
java_command: org.gradle.launcher.daemon.bootstrap.GradleDaemon 2.14.1
java_class_path (initial): C:\Program Files\Android\Android Studio\gradle\gradle-2.14.1\lib\gradle-launcher-2.14.1.jar
Launcher Type: SUN_STANDARD

Environment Variables:
PATH=C:\ProgramData\Oracle\Java\javapath;C:\Windows\system32;C:\Windows;C:\Windows\System32\Wbem;C:\Windows\System32\WindowsPowerShell\v1.0\;C:\Program Files (x86)\Windows Kits\10\Windows Performance Toolkit\;C:\Program Files\Microsoft SQL Server\130\Tools\Binn\;C:\Program Files\dotnet\;C:\Program Files\Git\cmd
USERNAME=Olayinka_Peter
OS=Windows_NT
PROCESSOR_IDENTIFIER=Intel64 Family 6 Model 37 Stepping 5, GenuineIntel



---------------  S Y S T E M  ---------------

OS: Windows 8.1 , 64 bit Build 9600 (6.3.9600.17031)

CPU:total 4 (2 cores per cpu, 2 threads per core) family 6 model 37 stepping 5, cmov, cx8, fxsr, mmx, sse, sse2, sse3, ssse3, sse4.1, sse4.2, popcnt, ht, tsc, tscinvbit

Memory: 4k page, physical 3987308k(2051352k free), swap 8050540k(6044712k free)

vm_info: Java HotSpot(TM) Client VM (25.111-b14) for windows-x86 JRE (1.8.0_111-b14), built on Sep 22 2016 18:54:33 by "java_re" with MS VC++ 10.0 (VS2010)

time: Sun Mar 05 01:46:58 2017
elapsed time: 62 seconds (0d 0h 1m 2s)

